[2019-06-26T10:10:56.878] [TRACE] Transactions2014.csv - Starts reading from Transactions2014.csv
[2019-06-26T10:10:56.898] [TRACE] DodgyTransactions2015.csv - Starts reading from DodgyTransactions2015.csv
[2019-06-26T10:10:56.900] [ERROR] DodgyTransactions2015.csv - Line 26 has invalid amount of money
[2019-06-26T10:10:56.909] [ERROR] DodgyTransactions2015.csv - Line 50 has invalid date
[2019-06-26T10:10:56.910] [ERROR] DodgyTransactions2015.csv - Line 51 has invalid format
[2019-06-26T10:11:48.670] [TRACE] Transactions2014.csv - Starts reading from Transactions2014.csv
[2019-06-26T10:11:48.692] [TRACE] DodgyTransactions2015.csv - Starts reading from DodgyTransactions2015.csv
[2019-06-26T10:11:48.695] [ERROR] DodgyTransactions2015.csv - Line 26 has invalid amount of money
[2019-06-26T10:11:48.703] [ERROR] DodgyTransactions2015.csv - Line 50 has invalid date
[2019-06-26T10:11:48.704] [ERROR] DodgyTransactions2015.csv - Line 51 has invalid format
[2019-06-26T10:11:53.429] [TRACE] Transactions2014.csv - Starts reading from Transactions2014.csv
[2019-06-26T10:11:53.452] [TRACE] DodgyTransactions2015.csv - Starts reading from DodgyTransactions2015.csv
[2019-06-26T10:11:53.455] [ERROR] DodgyTransactions2015.csv - Line 26 has invalid amount of money
[2019-06-26T10:11:53.464] [ERROR] DodgyTransactions2015.csv - Line 50 has invalid date
[2019-06-26T10:11:53.465] [ERROR] DodgyTransactions2015.csv - Line 51 has invalid format
[2019-06-26T10:12:02.114] [TRACE] Transactions2014.csv - Starts reading from Transactions2014.csv
[2019-06-26T10:12:02.136] [TRACE] DodgyTransactions2015.csv - Starts reading from DodgyTransactions2015.csv
[2019-06-26T10:12:02.139] [ERROR] DodgyTransactions2015.csv - Line 26 has invalid amount of money
[2019-06-26T10:12:02.147] [ERROR] DodgyTransactions2015.csv - Line 50 has invalid date
[2019-06-26T10:12:02.148] [ERROR] DodgyTransactions2015.csv - Line 51 has invalid format
[2019-06-26T10:12:11.723] [TRACE] Transactions2014.csv - Starts reading from Transactions2014.csv
[2019-06-26T10:12:11.743] [TRACE] DodgyTransactions2015.csv - Starts reading from DodgyTransactions2015.csv
[2019-06-26T10:12:11.748] [ERROR] DodgyTransactions2015.csv - Line 26 has invalid amount of money
[2019-06-26T10:12:11.755] [ERROR] DodgyTransactions2015.csv - Line 50 has invalid date
[2019-06-26T10:12:11.757] [ERROR] DodgyTransactions2015.csv - Line 51 has invalid format
[2019-06-26T10:12:56.491] [TRACE] Transactions2014.csv - Starts reading from Transactions2014.csv
[2019-06-26T10:12:56.511] [TRACE] DodgyTransactions2015.csv - Starts reading from DodgyTransactions2015.csv
[2019-06-26T10:12:56.514] [ERROR] DodgyTransactions2015.csv - Line 26 has invalid amount of money
[2019-06-26T10:12:56.523] [ERROR] DodgyTransactions2015.csv - Line 50 has invalid date
[2019-06-26T10:12:56.524] [ERROR] DodgyTransactions2015.csv - Line 51 has invalid format
[2019-06-26T10:13:27.348] [ERROR] DodgyTransactions2015.csv - Line 26 has invalid amount of money
[2019-06-26T10:13:27.359] [ERROR] DodgyTransactions2015.csv - Line 50 has invalid date
[2019-06-26T10:13:27.361] [ERROR] DodgyTransactions2015.csv - Line 51 has invalid format
[2019-06-26T10:13:53.080] [ERROR] DodgyTransactions2015.csv - Line 26 has invalid amount of money
[2019-06-26T10:13:53.093] [ERROR] DodgyTransactions2015.csv - Line 50 has invalid date
[2019-06-26T10:13:53.094] [ERROR] DodgyTransactions2015.csv - Line 51 has invalid format
[2019-06-26T10:15:15.071] [INFO] Transactions2014.csv - Starts reading from Transactions2014.csv
[2019-06-26T10:15:15.091] [INFO] DodgyTransactions2015.csv - Starts reading from DodgyTransactions2015.csv
[2019-06-26T10:15:15.094] [ERROR] DodgyTransactions2015.csv - Line 26 has invalid amount of money
[2019-06-26T10:15:15.103] [ERROR] DodgyTransactions2015.csv - Line 50 has invalid date
[2019-06-26T10:15:15.105] [ERROR] DodgyTransactions2015.csv - Line 51 has invalid format
[2019-06-26T10:22:22.303] [INFO] Transactions2014.csv - Starts reading from Transactions2014.csv
[2019-06-26T10:22:22.323] [INFO] DodgyTransactions2015.csv - Starts reading from DodgyTransactions2015.csv
[2019-06-26T10:22:22.326] [ERROR] DodgyTransactions2015.csv - Line 26 has invalid amount of money
[2019-06-26T10:22:22.335] [ERROR] DodgyTransactions2015.csv - Line 50 has invalid date
[2019-06-26T10:22:22.336] [ERROR] DodgyTransactions2015.csv - Line 51 has invalid format
[2019-06-26T11:44:19.674] [INFO] Transactions2014.csv - Starts reading from Transactions2014.csv
[2019-06-26T11:44:19.704] [INFO] DodgyTransactions2015.csv - Starts reading from DodgyTransactions2015.csv
[2019-06-26T11:44:19.709] [ERROR] DodgyTransactions2015.csv - Line 28 has invalid amount of money
[2019-06-26T11:44:19.722] [ERROR] DodgyTransactions2015.csv - Line 52 has invalid date
[2019-06-26T11:50:25.004] [INFO] Transactions2014.csv - Starts reading from Transactions2014.csv
[2019-06-26T11:50:25.024] [INFO] DodgyTransactions2015.csv - Starts reading from DodgyTransactions2015.csv
[2019-06-26T11:50:25.027] [ERROR] DodgyTransactions2015.csv - Line 28 has invalid amount of money
[2019-06-26T11:50:25.037] [ERROR] DodgyTransactions2015.csv - Line 52 has invalid date
[2019-06-26T11:50:25.038] [INFO] Transactions2013.json - Starts reading from Transactions2013.json
[2019-06-26T11:54:35.073] [INFO] Transactions2014.csv - Starts reading from Transactions2014.csv
[2019-06-26T11:54:35.093] [INFO] DodgyTransactions2015.csv - Starts reading from DodgyTransactions2015.csv
[2019-06-26T11:54:35.096] [ERROR] DodgyTransactions2015.csv - Line 28 has invalid amount of money
[2019-06-26T11:54:35.105] [ERROR] DodgyTransactions2015.csv - Line 52 has invalid date
[2019-06-26T11:54:35.106] [INFO] Transactions2013.json - Starts reading from Transactions2013.json
[2019-06-26T11:54:35.108] [ERROR] Transactions2013.json - Line 2 has invalid date
[2019-06-26T11:54:35.109] [ERROR] Transactions2013.json - Line 3 has invalid date
[2019-06-26T11:54:35.110] [ERROR] Transactions2013.json - Line 4 has invalid date
[2019-06-26T11:54:35.111] [ERROR] Transactions2013.json - Line 5 has invalid date
[2019-06-26T11:54:35.112] [ERROR] Transactions2013.json - Line 6 has invalid date
[2019-06-26T11:54:35.113] [ERROR] Transactions2013.json - Line 7 has invalid date
[2019-06-26T11:54:35.114] [ERROR] Transactions2013.json - Line 8 has invalid date
[2019-06-26T11:54:35.115] [ERROR] Transactions2013.json - Line 9 has invalid date
[2019-06-26T11:54:35.116] [ERROR] Transactions2013.json - Line 10 has invalid date
[2019-06-26T11:54:35.117] [ERROR] Transactions2013.json - Line 11 has invalid date
[2019-06-26T11:54:35.118] [ERROR] Transactions2013.json - Line 12 has invalid date
[2019-06-26T11:54:35.119] [ERROR] Transactions2013.json - Line 13 has invalid date
[2019-06-26T11:54:35.119] [ERROR] Transactions2013.json - Line 14 has invalid date
[2019-06-26T11:54:35.120] [ERROR] Transactions2013.json - Line 15 has invalid date
[2019-06-26T11:54:35.121] [ERROR] Transactions2013.json - Line 16 has invalid date
[2019-06-26T11:54:35.122] [ERROR] Transactions2013.json - Line 17 has invalid date
[2019-06-26T11:54:35.123] [ERROR] Transactions2013.json - Line 18 has invalid date
[2019-06-26T11:54:35.124] [ERROR] Transactions2013.json - Line 19 has invalid date
[2019-06-26T11:54:35.124] [ERROR] Transactions2013.json - Line 20 has invalid date
[2019-06-26T11:54:35.125] [ERROR] Transactions2013.json - Line 21 has invalid date
[2019-06-26T11:54:35.126] [ERROR] Transactions2013.json - Line 22 has invalid date
[2019-06-26T11:54:35.127] [ERROR] Transactions2013.json - Line 23 has invalid date
[2019-06-26T11:54:35.128] [ERROR] Transactions2013.json - Line 24 has invalid date
[2019-06-26T11:54:35.129] [ERROR] Transactions2013.json - Line 25 has invalid date
[2019-06-26T11:54:35.130] [ERROR] Transactions2013.json - Line 26 has invalid date
[2019-06-26T11:54:35.131] [ERROR] Transactions2013.json - Line 27 has invalid date
[2019-06-26T11:54:35.132] [ERROR] Transactions2013.json - Line 28 has invalid date
[2019-06-26T11:54:35.133] [ERROR] Transactions2013.json - Line 29 has invalid date
[2019-06-26T11:54:35.134] [ERROR] Transactions2013.json - Line 30 has invalid date
[2019-06-26T11:54:35.135] [ERROR] Transactions2013.json - Line 31 has invalid date
[2019-06-26T11:54:35.136] [ERROR] Transactions2013.json - Line 32 has invalid date
[2019-06-26T11:54:35.137] [ERROR] Transactions2013.json - Line 33 has invalid date
[2019-06-26T11:54:35.138] [ERROR] Transactions2013.json - Line 34 has invalid date
[2019-06-26T11:54:35.139] [ERROR] Transactions2013.json - Line 35 has invalid date
[2019-06-26T11:54:35.140] [ERROR] Transactions2013.json - Line 36 has invalid date
[2019-06-26T11:54:35.142] [ERROR] Transactions2013.json - Line 37 has invalid date
[2019-06-26T11:54:35.143] [ERROR] Transactions2013.json - Line 38 has invalid date
[2019-06-26T11:54:35.144] [ERROR] Transactions2013.json - Line 39 has invalid date
[2019-06-26T11:54:35.145] [ERROR] Transactions2013.json - Line 40 has invalid date
[2019-06-26T11:54:35.147] [ERROR] Transactions2013.json - Line 41 has invalid date
[2019-06-26T11:54:35.148] [ERROR] Transactions2013.json - Line 42 has invalid date
[2019-06-26T11:54:35.149] [ERROR] Transactions2013.json - Line 43 has invalid date
[2019-06-26T11:54:35.150] [ERROR] Transactions2013.json - Line 44 has invalid date
[2019-06-26T11:54:35.151] [ERROR] Transactions2013.json - Line 45 has invalid date
[2019-06-26T11:54:35.152] [ERROR] Transactions2013.json - Line 46 has invalid date
[2019-06-26T11:54:35.153] [ERROR] Transactions2013.json - Line 47 has invalid date
[2019-06-26T11:54:35.154] [ERROR] Transactions2013.json - Line 48 has invalid date
[2019-06-26T11:54:35.156] [ERROR] Transactions2013.json - Line 49 has invalid date
[2019-06-26T11:54:35.157] [ERROR] Transactions2013.json - Line 50 has invalid date
[2019-06-26T11:54:35.159] [ERROR] Transactions2013.json - Line 51 has invalid date
[2019-06-26T11:54:35.160] [ERROR] Transactions2013.json - Line 52 has invalid date
[2019-06-26T11:54:35.161] [ERROR] Transactions2013.json - Line 53 has invalid date
[2019-06-26T11:54:35.162] [ERROR] Transactions2013.json - Line 54 has invalid date
[2019-06-26T11:54:35.163] [ERROR] Transactions2013.json - Line 55 has invalid date
[2019-06-26T11:54:35.164] [ERROR] Transactions2013.json - Line 56 has invalid date
[2019-06-26T11:54:35.166] [ERROR] Transactions2013.json - Line 57 has invalid date
[2019-06-26T11:54:35.167] [ERROR] Transactions2013.json - Line 58 has invalid date
[2019-06-26T11:54:35.168] [ERROR] Transactions2013.json - Line 59 has invalid date
[2019-06-26T11:54:35.169] [ERROR] Transactions2013.json - Line 60 has invalid date
[2019-06-26T11:54:35.170] [ERROR] Transactions2013.json - Line 61 has invalid date
[2019-06-26T11:54:35.171] [ERROR] Transactions2013.json - Line 62 has invalid date
[2019-06-26T11:54:35.172] [ERROR] Transactions2013.json - Line 63 has invalid date
[2019-06-26T11:54:35.173] [ERROR] Transactions2013.json - Line 64 has invalid date
[2019-06-26T11:54:35.174] [ERROR] Transactions2013.json - Line 65 has invalid date
[2019-06-26T11:54:35.176] [ERROR] Transactions2013.json - Line 66 has invalid date
[2019-06-26T11:54:35.177] [ERROR] Transactions2013.json - Line 67 has invalid date
[2019-06-26T11:54:35.178] [ERROR] Transactions2013.json - Line 68 has invalid date
[2019-06-26T11:54:35.179] [ERROR] Transactions2013.json - Line 69 has invalid date
[2019-06-26T11:54:35.180] [ERROR] Transactions2013.json - Line 70 has invalid date
[2019-06-26T11:54:35.181] [ERROR] Transactions2013.json - Line 71 has invalid date
[2019-06-26T11:54:35.182] [ERROR] Transactions2013.json - Line 72 has invalid date
[2019-06-26T11:54:35.183] [ERROR] Transactions2013.json - Line 73 has invalid date
[2019-06-26T11:54:35.185] [ERROR] Transactions2013.json - Line 74 has invalid date
[2019-06-26T11:54:35.186] [ERROR] Transactions2013.json - Line 75 has invalid date
[2019-06-26T11:54:35.187] [ERROR] Transactions2013.json - Line 76 has invalid date
[2019-06-26T11:54:35.188] [ERROR] Transactions2013.json - Line 77 has invalid date
[2019-06-26T11:54:35.189] [ERROR] Transactions2013.json - Line 78 has invalid date
[2019-06-26T11:54:35.190] [ERROR] Transactions2013.json - Line 79 has invalid date
[2019-06-26T11:54:35.192] [ERROR] Transactions2013.json - Line 80 has invalid date
[2019-06-26T11:54:35.193] [ERROR] Transactions2013.json - Line 81 has invalid date
[2019-06-26T11:54:35.195] [ERROR] Transactions2013.json - Line 82 has invalid date
[2019-06-26T11:54:35.196] [ERROR] Transactions2013.json - Line 83 has invalid date
[2019-06-26T11:54:35.197] [ERROR] Transactions2013.json - Line 84 has invalid date
[2019-06-26T11:54:35.198] [ERROR] Transactions2013.json - Line 85 has invalid date
[2019-06-26T11:54:35.199] [ERROR] Transactions2013.json - Line 86 has invalid date
[2019-06-26T11:54:35.200] [ERROR] Transactions2013.json - Line 87 has invalid date
[2019-06-26T11:54:35.201] [ERROR] Transactions2013.json - Line 88 has invalid date
[2019-06-26T11:54:35.202] [ERROR] Transactions2013.json - Line 89 has invalid date
[2019-06-26T11:54:35.203] [ERROR] Transactions2013.json - Line 90 has invalid date
[2019-06-26T11:54:35.204] [ERROR] Transactions2013.json - Line 91 has invalid date
[2019-06-26T11:54:35.205] [ERROR] Transactions2013.json - Line 92 has invalid date
[2019-06-26T11:54:35.206] [ERROR] Transactions2013.json - Line 93 has invalid date
[2019-06-26T11:54:35.207] [ERROR] Transactions2013.json - Line 94 has invalid date
[2019-06-26T11:54:35.208] [ERROR] Transactions2013.json - Line 95 has invalid date
[2019-06-26T11:54:35.209] [ERROR] Transactions2013.json - Line 96 has invalid date
[2019-06-26T11:54:35.211] [ERROR] Transactions2013.json - Line 97 has invalid date
[2019-06-26T11:54:35.212] [ERROR] Transactions2013.json - Line 98 has invalid date
[2019-06-26T11:54:35.213] [ERROR] Transactions2013.json - Line 99 has invalid date
[2019-06-26T11:54:35.214] [ERROR] Transactions2013.json - Line 100 has invalid date
[2019-06-26T11:54:35.215] [ERROR] Transactions2013.json - Line 101 has invalid date
[2019-06-26T11:54:35.216] [ERROR] Transactions2013.json - Line 102 has invalid date
[2019-06-26T11:54:35.217] [ERROR] Transactions2013.json - Line 103 has invalid date
[2019-06-26T11:54:35.218] [ERROR] Transactions2013.json - Line 104 has invalid date
[2019-06-26T11:54:35.220] [ERROR] Transactions2013.json - Line 105 has invalid date
[2019-06-26T11:54:35.221] [ERROR] Transactions2013.json - Line 106 has invalid date
[2019-06-26T11:54:35.222] [ERROR] Transactions2013.json - Line 107 has invalid date
[2019-06-26T11:54:35.223] [ERROR] Transactions2013.json - Line 108 has invalid date
[2019-06-26T11:54:35.224] [ERROR] Transactions2013.json - Line 109 has invalid date
[2019-06-26T11:54:35.225] [ERROR] Transactions2013.json - Line 110 has invalid date
[2019-06-26T11:54:35.227] [ERROR] Transactions2013.json - Line 111 has invalid date
[2019-06-26T11:54:35.229] [ERROR] Transactions2013.json - Line 112 has invalid date
[2019-06-26T11:54:35.231] [ERROR] Transactions2013.json - Line 113 has invalid date
[2019-06-26T11:54:35.232] [ERROR] Transactions2013.json - Line 114 has invalid date
[2019-06-26T11:54:35.233] [ERROR] Transactions2013.json - Line 115 has invalid date
[2019-06-26T11:54:35.234] [ERROR] Transactions2013.json - Line 116 has invalid date
[2019-06-26T11:54:35.235] [ERROR] Transactions2013.json - Line 117 has invalid date
[2019-06-26T11:54:35.236] [ERROR] Transactions2013.json - Line 118 has invalid date
[2019-06-26T11:54:35.237] [ERROR] Transactions2013.json - Line 119 has invalid date
[2019-06-26T11:54:35.238] [ERROR] Transactions2013.json - Line 120 has invalid date
[2019-06-26T11:54:35.239] [ERROR] Transactions2013.json - Line 121 has invalid date
[2019-06-26T11:54:35.241] [ERROR] Transactions2013.json - Line 122 has invalid date
[2019-06-26T11:54:35.242] [ERROR] Transactions2013.json - Line 123 has invalid date
[2019-06-26T11:54:35.243] [ERROR] Transactions2013.json - Line 124 has invalid date
[2019-06-26T11:54:35.244] [ERROR] Transactions2013.json - Line 125 has invalid date
[2019-06-26T11:54:35.245] [ERROR] Transactions2013.json - Line 126 has invalid date
[2019-06-26T11:54:35.246] [ERROR] Transactions2013.json - Line 127 has invalid date
[2019-06-26T11:54:35.247] [ERROR] Transactions2013.json - Line 128 has invalid date
[2019-06-26T11:54:35.248] [ERROR] Transactions2013.json - Line 129 has invalid date
[2019-06-26T11:54:35.249] [ERROR] Transactions2013.json - Line 130 has invalid date
[2019-06-26T11:54:35.250] [ERROR] Transactions2013.json - Line 131 has invalid date
[2019-06-26T11:54:35.251] [ERROR] Transactions2013.json - Line 132 has invalid date
[2019-06-26T11:54:35.252] [ERROR] Transactions2013.json - Line 133 has invalid date
[2019-06-26T11:54:35.253] [ERROR] Transactions2013.json - Line 134 has invalid date
[2019-06-26T11:54:35.254] [ERROR] Transactions2013.json - Line 135 has invalid date
[2019-06-26T11:54:35.255] [ERROR] Transactions2013.json - Line 136 has invalid date
[2019-06-26T11:54:35.256] [ERROR] Transactions2013.json - Line 137 has invalid date
[2019-06-26T11:54:35.257] [ERROR] Transactions2013.json - Line 138 has invalid date
[2019-06-26T11:54:35.258] [ERROR] Transactions2013.json - Line 139 has invalid date
[2019-06-26T11:54:35.260] [ERROR] Transactions2013.json - Line 140 has invalid date
[2019-06-26T11:54:35.261] [ERROR] Transactions2013.json - Line 141 has invalid date
[2019-06-26T11:54:35.262] [ERROR] Transactions2013.json - Line 142 has invalid date
[2019-06-26T11:54:35.263] [ERROR] Transactions2013.json - Line 143 has invalid date
[2019-06-26T11:54:35.264] [ERROR] Transactions2013.json - Line 144 has invalid date
[2019-06-26T11:54:35.265] [ERROR] Transactions2013.json - Line 145 has invalid date
[2019-06-26T11:59:29.525] [INFO] Transactions2014.csv - Starts reading from Transactions2014.csv
[2019-06-26T11:59:29.545] [INFO] DodgyTransactions2015.csv - Starts reading from DodgyTransactions2015.csv
[2019-06-26T11:59:29.549] [ERROR] DodgyTransactions2015.csv - Line 28 has invalid amount of money
[2019-06-26T11:59:29.558] [ERROR] DodgyTransactions2015.csv - Line 52 has invalid date
[2019-06-26T11:59:29.559] [INFO] Transactions2013.json - Starts reading from Transactions2013.json
[2019-06-26T11:59:29.561] [ERROR] Transactions2013.json - Line 2 has invalid date
[2019-06-26T11:59:29.562] [ERROR] Transactions2013.json - Line 3 has invalid date
[2019-06-26T11:59:29.563] [ERROR] Transactions2013.json - Line 4 has invalid date
[2019-06-26T11:59:29.564] [ERROR] Transactions2013.json - Line 5 has invalid date
[2019-06-26T11:59:29.565] [ERROR] Transactions2013.json - Line 6 has invalid date
[2019-06-26T11:59:29.566] [ERROR] Transactions2013.json - Line 7 has invalid date
[2019-06-26T11:59:29.567] [ERROR] Transactions2013.json - Line 8 has invalid date
[2019-06-26T11:59:29.568] [ERROR] Transactions2013.json - Line 9 has invalid date
[2019-06-26T11:59:29.569] [ERROR] Transactions2013.json - Line 10 has invalid date
[2019-06-26T11:59:29.570] [ERROR] Transactions2013.json - Line 11 has invalid date
[2019-06-26T11:59:29.571] [ERROR] Transactions2013.json - Line 12 has invalid date
[2019-06-26T11:59:29.572] [ERROR] Transactions2013.json - Line 13 has invalid date
[2019-06-26T11:59:29.573] [ERROR] Transactions2013.json - Line 14 has invalid date
[2019-06-26T11:59:29.574] [ERROR] Transactions2013.json - Line 15 has invalid date
[2019-06-26T11:59:29.575] [ERROR] Transactions2013.json - Line 16 has invalid date
[2019-06-26T11:59:29.576] [ERROR] Transactions2013.json - Line 17 has invalid date
[2019-06-26T11:59:29.577] [ERROR] Transactions2013.json - Line 18 has invalid date
[2019-06-26T11:59:29.578] [ERROR] Transactions2013.json - Line 19 has invalid date
[2019-06-26T11:59:29.578] [ERROR] Transactions2013.json - Line 20 has invalid date
[2019-06-26T11:59:29.579] [ERROR] Transactions2013.json - Line 21 has invalid date
[2019-06-26T11:59:29.580] [ERROR] Transactions2013.json - Line 22 has invalid date
[2019-06-26T11:59:29.581] [ERROR] Transactions2013.json - Line 23 has invalid date
[2019-06-26T11:59:29.582] [ERROR] Transactions2013.json - Line 24 has invalid date
[2019-06-26T11:59:29.584] [ERROR] Transactions2013.json - Line 25 has invalid date
[2019-06-26T11:59:29.585] [ERROR] Transactions2013.json - Line 26 has invalid date
[2019-06-26T11:59:29.586] [ERROR] Transactions2013.json - Line 27 has invalid date
[2019-06-26T11:59:29.587] [ERROR] Transactions2013.json - Line 28 has invalid date
[2019-06-26T11:59:29.587] [ERROR] Transactions2013.json - Line 29 has invalid date
[2019-06-26T11:59:29.588] [ERROR] Transactions2013.json - Line 30 has invalid date
[2019-06-26T11:59:29.590] [ERROR] Transactions2013.json - Line 31 has invalid date
[2019-06-26T11:59:29.591] [ERROR] Transactions2013.json - Line 32 has invalid date
[2019-06-26T11:59:29.592] [ERROR] Transactions2013.json - Line 33 has invalid date
[2019-06-26T11:59:29.593] [ERROR] Transactions2013.json - Line 34 has invalid date
[2019-06-26T11:59:29.595] [ERROR] Transactions2013.json - Line 35 has invalid date
[2019-06-26T11:59:29.596] [ERROR] Transactions2013.json - Line 36 has invalid date
[2019-06-26T11:59:29.597] [ERROR] Transactions2013.json - Line 37 has invalid date
[2019-06-26T11:59:29.598] [ERROR] Transactions2013.json - Line 38 has invalid date
[2019-06-26T11:59:29.599] [ERROR] Transactions2013.json - Line 39 has invalid date
[2019-06-26T11:59:29.601] [ERROR] Transactions2013.json - Line 40 has invalid date
[2019-06-26T11:59:29.602] [ERROR] Transactions2013.json - Line 41 has invalid date
[2019-06-26T11:59:29.603] [ERROR] Transactions2013.json - Line 42 has invalid date
[2019-06-26T11:59:29.604] [ERROR] Transactions2013.json - Line 43 has invalid date
[2019-06-26T11:59:29.605] [ERROR] Transactions2013.json - Line 44 has invalid date
[2019-06-26T11:59:29.607] [ERROR] Transactions2013.json - Line 45 has invalid date
[2019-06-26T11:59:29.608] [ERROR] Transactions2013.json - Line 46 has invalid date
[2019-06-26T11:59:29.609] [ERROR] Transactions2013.json - Line 47 has invalid date
[2019-06-26T11:59:29.611] [ERROR] Transactions2013.json - Line 48 has invalid date
[2019-06-26T11:59:29.612] [ERROR] Transactions2013.json - Line 49 has invalid date
[2019-06-26T11:59:29.613] [ERROR] Transactions2013.json - Line 50 has invalid date
[2019-06-26T11:59:29.614] [ERROR] Transactions2013.json - Line 51 has invalid date
[2019-06-26T11:59:29.615] [ERROR] Transactions2013.json - Line 52 has invalid date
[2019-06-26T11:59:29.616] [ERROR] Transactions2013.json - Line 53 has invalid date
[2019-06-26T11:59:29.617] [ERROR] Transactions2013.json - Line 54 has invalid date
[2019-06-26T11:59:29.619] [ERROR] Transactions2013.json - Line 55 has invalid date
[2019-06-26T11:59:29.620] [ERROR] Transactions2013.json - Line 56 has invalid date
[2019-06-26T11:59:29.621] [ERROR] Transactions2013.json - Line 57 has invalid date
[2019-06-26T11:59:29.622] [ERROR] Transactions2013.json - Line 58 has invalid date
[2019-06-26T11:59:29.623] [ERROR] Transactions2013.json - Line 59 has invalid date
[2019-06-26T11:59:29.624] [ERROR] Transactions2013.json - Line 60 has invalid date
[2019-06-26T11:59:29.625] [ERROR] Transactions2013.json - Line 61 has invalid date
[2019-06-26T11:59:29.628] [ERROR] Transactions2013.json - Line 62 has invalid date
[2019-06-26T11:59:29.633] [ERROR] Transactions2013.json - Line 63 has invalid date
[2019-06-26T11:59:29.635] [ERROR] Transactions2013.json - Line 64 has invalid date
[2019-06-26T11:59:29.636] [ERROR] Transactions2013.json - Line 65 has invalid date
[2019-06-26T11:59:29.637] [ERROR] Transactions2013.json - Line 66 has invalid date
[2019-06-26T11:59:29.638] [ERROR] Transactions2013.json - Line 67 has invalid date
[2019-06-26T11:59:29.639] [ERROR] Transactions2013.json - Line 68 has invalid date
[2019-06-26T11:59:29.640] [ERROR] Transactions2013.json - Line 69 has invalid date
[2019-06-26T11:59:29.642] [ERROR] Transactions2013.json - Line 70 has invalid date
[2019-06-26T11:59:29.643] [ERROR] Transactions2013.json - Line 71 has invalid date
[2019-06-26T11:59:29.644] [ERROR] Transactions2013.json - Line 72 has invalid date
[2019-06-26T11:59:29.645] [ERROR] Transactions2013.json - Line 73 has invalid date
[2019-06-26T11:59:29.647] [ERROR] Transactions2013.json - Line 74 has invalid date
[2019-06-26T11:59:29.648] [ERROR] Transactions2013.json - Line 75 has invalid date
[2019-06-26T11:59:29.649] [ERROR] Transactions2013.json - Line 76 has invalid date
[2019-06-26T11:59:29.650] [ERROR] Transactions2013.json - Line 77 has invalid date
[2019-06-26T11:59:29.651] [ERROR] Transactions2013.json - Line 78 has invalid date
[2019-06-26T11:59:29.653] [ERROR] Transactions2013.json - Line 79 has invalid date
[2019-06-26T11:59:29.654] [ERROR] Transactions2013.json - Line 80 has invalid date
[2019-06-26T11:59:29.655] [ERROR] Transactions2013.json - Line 81 has invalid date
[2019-06-26T11:59:29.656] [ERROR] Transactions2013.json - Line 82 has invalid date
[2019-06-26T11:59:29.657] [ERROR] Transactions2013.json - Line 83 has invalid date
[2019-06-26T11:59:29.658] [ERROR] Transactions2013.json - Line 84 has invalid date
[2019-06-26T11:59:29.659] [ERROR] Transactions2013.json - Line 85 has invalid date
[2019-06-26T11:59:29.661] [ERROR] Transactions2013.json - Line 86 has invalid date
[2019-06-26T11:59:29.662] [ERROR] Transactions2013.json - Line 87 has invalid date
[2019-06-26T11:59:29.663] [ERROR] Transactions2013.json - Line 88 has invalid date
[2019-06-26T11:59:29.665] [ERROR] Transactions2013.json - Line 89 has invalid date
[2019-06-26T11:59:29.666] [ERROR] Transactions2013.json - Line 90 has invalid date
[2019-06-26T11:59:29.667] [ERROR] Transactions2013.json - Line 91 has invalid date
[2019-06-26T11:59:29.668] [ERROR] Transactions2013.json - Line 92 has invalid date
[2019-06-26T11:59:29.669] [ERROR] Transactions2013.json - Line 93 has invalid date
[2019-06-26T11:59:29.670] [ERROR] Transactions2013.json - Line 94 has invalid date
[2019-06-26T11:59:29.671] [ERROR] Transactions2013.json - Line 95 has invalid date
[2019-06-26T11:59:29.672] [ERROR] Transactions2013.json - Line 96 has invalid date
[2019-06-26T11:59:29.673] [ERROR] Transactions2013.json - Line 97 has invalid date
[2019-06-26T11:59:29.675] [ERROR] Transactions2013.json - Line 98 has invalid date
[2019-06-26T11:59:29.676] [ERROR] Transactions2013.json - Line 99 has invalid date
[2019-06-26T11:59:29.677] [ERROR] Transactions2013.json - Line 100 has invalid date
[2019-06-26T11:59:29.678] [ERROR] Transactions2013.json - Line 101 has invalid date
[2019-06-26T11:59:29.679] [ERROR] Transactions2013.json - Line 102 has invalid date
[2019-06-26T11:59:29.680] [ERROR] Transactions2013.json - Line 103 has invalid date
[2019-06-26T11:59:29.681] [ERROR] Transactions2013.json - Line 104 has invalid date
[2019-06-26T11:59:29.682] [ERROR] Transactions2013.json - Line 105 has invalid date
[2019-06-26T11:59:29.683] [ERROR] Transactions2013.json - Line 106 has invalid date
[2019-06-26T11:59:29.684] [ERROR] Transactions2013.json - Line 107 has invalid date
[2019-06-26T11:59:29.685] [ERROR] Transactions2013.json - Line 108 has invalid date
[2019-06-26T11:59:29.686] [ERROR] Transactions2013.json - Line 109 has invalid date
[2019-06-26T11:59:29.687] [ERROR] Transactions2013.json - Line 110 has invalid date
[2019-06-26T11:59:29.688] [ERROR] Transactions2013.json - Line 111 has invalid date
[2019-06-26T11:59:29.689] [ERROR] Transactions2013.json - Line 112 has invalid date
[2019-06-26T11:59:29.690] [ERROR] Transactions2013.json - Line 113 has invalid date
[2019-06-26T11:59:29.691] [ERROR] Transactions2013.json - Line 114 has invalid date
[2019-06-26T11:59:29.693] [ERROR] Transactions2013.json - Line 115 has invalid date
[2019-06-26T11:59:29.694] [ERROR] Transactions2013.json - Line 116 has invalid date
[2019-06-26T11:59:29.696] [ERROR] Transactions2013.json - Line 117 has invalid date
[2019-06-26T11:59:29.697] [ERROR] Transactions2013.json - Line 118 has invalid date
[2019-06-26T11:59:29.698] [ERROR] Transactions2013.json - Line 119 has invalid date
[2019-06-26T11:59:29.699] [ERROR] Transactions2013.json - Line 120 has invalid date
[2019-06-26T11:59:29.700] [ERROR] Transactions2013.json - Line 121 has invalid date
[2019-06-26T11:59:29.702] [ERROR] Transactions2013.json - Line 122 has invalid date
[2019-06-26T11:59:29.703] [ERROR] Transactions2013.json - Line 123 has invalid date
[2019-06-26T11:59:29.704] [ERROR] Transactions2013.json - Line 124 has invalid date
[2019-06-26T11:59:29.705] [ERROR] Transactions2013.json - Line 125 has invalid date
[2019-06-26T11:59:29.706] [ERROR] Transactions2013.json - Line 126 has invalid date
[2019-06-26T11:59:29.708] [ERROR] Transactions2013.json - Line 127 has invalid date
[2019-06-26T11:59:29.709] [ERROR] Transactions2013.json - Line 128 has invalid date
[2019-06-26T11:59:29.710] [ERROR] Transactions2013.json - Line 129 has invalid date
[2019-06-26T11:59:29.711] [ERROR] Transactions2013.json - Line 130 has invalid date
[2019-06-26T11:59:29.712] [ERROR] Transactions2013.json - Line 131 has invalid date
[2019-06-26T11:59:29.713] [ERROR] Transactions2013.json - Line 132 has invalid date
[2019-06-26T11:59:29.715] [ERROR] Transactions2013.json - Line 133 has invalid date
[2019-06-26T11:59:29.716] [ERROR] Transactions2013.json - Line 134 has invalid date
[2019-06-26T11:59:29.717] [ERROR] Transactions2013.json - Line 135 has invalid date
[2019-06-26T11:59:29.721] [ERROR] Transactions2013.json - Line 136 has invalid date
[2019-06-26T11:59:29.724] [ERROR] Transactions2013.json - Line 137 has invalid date
[2019-06-26T11:59:29.725] [ERROR] Transactions2013.json - Line 138 has invalid date
[2019-06-26T11:59:29.727] [ERROR] Transactions2013.json - Line 139 has invalid date
[2019-06-26T11:59:29.729] [ERROR] Transactions2013.json - Line 140 has invalid date
[2019-06-26T11:59:29.730] [ERROR] Transactions2013.json - Line 141 has invalid date
[2019-06-26T11:59:29.731] [ERROR] Transactions2013.json - Line 142 has invalid date
[2019-06-26T11:59:29.733] [ERROR] Transactions2013.json - Line 143 has invalid date
[2019-06-26T11:59:29.734] [ERROR] Transactions2013.json - Line 144 has invalid date
[2019-06-26T11:59:29.735] [ERROR] Transactions2013.json - Line 145 has invalid date
[2019-06-26T11:59:55.670] [INFO] Transactions2014.csv - Starts reading from Transactions2014.csv
[2019-06-26T11:59:55.695] [INFO] DodgyTransactions2015.csv - Starts reading from DodgyTransactions2015.csv
[2019-06-26T11:59:55.698] [ERROR] DodgyTransactions2015.csv - Line 28 has invalid amount of money
[2019-06-26T11:59:55.707] [ERROR] DodgyTransactions2015.csv - Line 52 has invalid date
[2019-06-26T11:59:55.708] [INFO] Transactions2013.json - Starts reading from Transactions2013.json
[2019-06-26T11:59:55.711] [ERROR] Transactions2013.json - Line 2 has invalid date
[2019-06-26T11:59:55.712] [ERROR] Transactions2013.json - Line 3 has invalid date
[2019-06-26T11:59:55.713] [ERROR] Transactions2013.json - Line 4 has invalid date
[2019-06-26T11:59:55.716] [ERROR] Transactions2013.json - Line 5 has invalid date
[2019-06-26T11:59:55.718] [ERROR] Transactions2013.json - Line 6 has invalid date
[2019-06-26T11:59:55.720] [ERROR] Transactions2013.json - Line 7 has invalid date
[2019-06-26T11:59:55.722] [ERROR] Transactions2013.json - Line 8 has invalid date
[2019-06-26T11:59:55.723] [ERROR] Transactions2013.json - Line 9 has invalid date
[2019-06-26T11:59:55.725] [ERROR] Transactions2013.json - Line 10 has invalid date
[2019-06-26T11:59:55.727] [ERROR] Transactions2013.json - Line 11 has invalid date
[2019-06-26T11:59:55.729] [ERROR] Transactions2013.json - Line 12 has invalid date
[2019-06-26T11:59:55.730] [ERROR] Transactions2013.json - Line 13 has invalid date
[2019-06-26T11:59:55.732] [ERROR] Transactions2013.json - Line 14 has invalid date
[2019-06-26T11:59:55.734] [ERROR] Transactions2013.json - Line 15 has invalid date
[2019-06-26T11:59:55.735] [ERROR] Transactions2013.json - Line 16 has invalid date
[2019-06-26T11:59:55.737] [ERROR] Transactions2013.json - Line 17 has invalid date
[2019-06-26T11:59:55.738] [ERROR] Transactions2013.json - Line 18 has invalid date
[2019-06-26T11:59:55.740] [ERROR] Transactions2013.json - Line 19 has invalid date
[2019-06-26T11:59:55.741] [ERROR] Transactions2013.json - Line 20 has invalid date
[2019-06-26T11:59:55.743] [ERROR] Transactions2013.json - Line 21 has invalid date
[2019-06-26T11:59:55.744] [ERROR] Transactions2013.json - Line 22 has invalid date
[2019-06-26T11:59:55.745] [ERROR] Transactions2013.json - Line 23 has invalid date
[2019-06-26T11:59:55.747] [ERROR] Transactions2013.json - Line 24 has invalid date
[2019-06-26T11:59:55.748] [ERROR] Transactions2013.json - Line 25 has invalid date
[2019-06-26T11:59:55.750] [ERROR] Transactions2013.json - Line 26 has invalid date
[2019-06-26T11:59:55.751] [ERROR] Transactions2013.json - Line 27 has invalid date
[2019-06-26T11:59:55.752] [ERROR] Transactions2013.json - Line 28 has invalid date
[2019-06-26T11:59:55.754] [ERROR] Transactions2013.json - Line 29 has invalid date
[2019-06-26T11:59:55.756] [ERROR] Transactions2013.json - Line 30 has invalid date
[2019-06-26T11:59:55.757] [ERROR] Transactions2013.json - Line 31 has invalid date
[2019-06-26T11:59:55.759] [ERROR] Transactions2013.json - Line 32 has invalid date
[2019-06-26T11:59:55.760] [ERROR] Transactions2013.json - Line 33 has invalid date
[2019-06-26T11:59:55.762] [ERROR] Transactions2013.json - Line 34 has invalid date
[2019-06-26T11:59:55.764] [ERROR] Transactions2013.json - Line 35 has invalid date
[2019-06-26T11:59:55.765] [ERROR] Transactions2013.json - Line 36 has invalid date
[2019-06-26T11:59:55.767] [ERROR] Transactions2013.json - Line 37 has invalid date
[2019-06-26T11:59:55.768] [ERROR] Transactions2013.json - Line 38 has invalid date
[2019-06-26T11:59:55.770] [ERROR] Transactions2013.json - Line 39 has invalid date
[2019-06-26T11:59:55.772] [ERROR] Transactions2013.json - Line 40 has invalid date
[2019-06-26T11:59:55.774] [ERROR] Transactions2013.json - Line 41 has invalid date
[2019-06-26T11:59:55.775] [ERROR] Transactions2013.json - Line 42 has invalid date
[2019-06-26T11:59:55.777] [ERROR] Transactions2013.json - Line 43 has invalid date
[2019-06-26T11:59:55.779] [ERROR] Transactions2013.json - Line 44 has invalid date
[2019-06-26T11:59:55.781] [ERROR] Transactions2013.json - Line 45 has invalid date
[2019-06-26T11:59:55.783] [ERROR] Transactions2013.json - Line 46 has invalid date
[2019-06-26T11:59:55.785] [ERROR] Transactions2013.json - Line 47 has invalid date
[2019-06-26T11:59:55.787] [ERROR] Transactions2013.json - Line 48 has invalid date
[2019-06-26T11:59:55.789] [ERROR] Transactions2013.json - Line 49 has invalid date
[2019-06-26T11:59:55.790] [ERROR] Transactions2013.json - Line 50 has invalid date
[2019-06-26T11:59:55.792] [ERROR] Transactions2013.json - Line 51 has invalid date
[2019-06-26T11:59:55.794] [ERROR] Transactions2013.json - Line 52 has invalid date
[2019-06-26T11:59:55.795] [ERROR] Transactions2013.json - Line 53 has invalid date
[2019-06-26T11:59:55.797] [ERROR] Transactions2013.json - Line 54 has invalid date
[2019-06-26T11:59:55.799] [ERROR] Transactions2013.json - Line 55 has invalid date
[2019-06-26T11:59:55.801] [ERROR] Transactions2013.json - Line 56 has invalid date
[2019-06-26T11:59:55.803] [ERROR] Transactions2013.json - Line 57 has invalid date
[2019-06-26T11:59:55.804] [ERROR] Transactions2013.json - Line 58 has invalid date
[2019-06-26T11:59:55.806] [ERROR] Transactions2013.json - Line 59 has invalid date
[2019-06-26T11:59:55.807] [ERROR] Transactions2013.json - Line 60 has invalid date
[2019-06-26T11:59:55.809] [ERROR] Transactions2013.json - Line 61 has invalid date
[2019-06-26T11:59:55.811] [ERROR] Transactions2013.json - Line 62 has invalid date
[2019-06-26T11:59:55.813] [ERROR] Transactions2013.json - Line 63 has invalid date
[2019-06-26T11:59:55.814] [ERROR] Transactions2013.json - Line 64 has invalid date
[2019-06-26T11:59:55.816] [ERROR] Transactions2013.json - Line 65 has invalid date
[2019-06-26T11:59:55.817] [ERROR] Transactions2013.json - Line 66 has invalid date
[2019-06-26T11:59:55.819] [ERROR] Transactions2013.json - Line 67 has invalid date
[2019-06-26T11:59:55.820] [ERROR] Transactions2013.json - Line 68 has invalid date
[2019-06-26T11:59:55.822] [ERROR] Transactions2013.json - Line 69 has invalid date
[2019-06-26T11:59:55.823] [ERROR] Transactions2013.json - Line 70 has invalid date
[2019-06-26T11:59:55.825] [ERROR] Transactions2013.json - Line 71 has invalid date
[2019-06-26T11:59:55.827] [ERROR] Transactions2013.json - Line 72 has invalid date
[2019-06-26T11:59:55.829] [ERROR] Transactions2013.json - Line 73 has invalid date
[2019-06-26T11:59:55.830] [ERROR] Transactions2013.json - Line 74 has invalid date
[2019-06-26T11:59:55.831] [ERROR] Transactions2013.json - Line 75 has invalid date
[2019-06-26T11:59:55.834] [ERROR] Transactions2013.json - Line 76 has invalid date
[2019-06-26T11:59:55.835] [ERROR] Transactions2013.json - Line 77 has invalid date
[2019-06-26T11:59:55.836] [ERROR] Transactions2013.json - Line 78 has invalid date
[2019-06-26T11:59:55.838] [ERROR] Transactions2013.json - Line 79 has invalid date
[2019-06-26T11:59:55.840] [ERROR] Transactions2013.json - Line 80 has invalid date
[2019-06-26T11:59:55.841] [ERROR] Transactions2013.json - Line 81 has invalid date
[2019-06-26T11:59:55.843] [ERROR] Transactions2013.json - Line 82 has invalid date
[2019-06-26T11:59:55.844] [ERROR] Transactions2013.json - Line 83 has invalid date
[2019-06-26T11:59:55.845] [ERROR] Transactions2013.json - Line 84 has invalid date
[2019-06-26T11:59:55.846] [ERROR] Transactions2013.json - Line 85 has invalid date
[2019-06-26T11:59:55.847] [ERROR] Transactions2013.json - Line 86 has invalid date
[2019-06-26T11:59:55.848] [ERROR] Transactions2013.json - Line 87 has invalid date
[2019-06-26T11:59:55.850] [ERROR] Transactions2013.json - Line 88 has invalid date
[2019-06-26T11:59:55.851] [ERROR] Transactions2013.json - Line 89 has invalid date
[2019-06-26T11:59:55.852] [ERROR] Transactions2013.json - Line 90 has invalid date
[2019-06-26T11:59:55.854] [ERROR] Transactions2013.json - Line 91 has invalid date
[2019-06-26T11:59:55.856] [ERROR] Transactions2013.json - Line 92 has invalid date
[2019-06-26T11:59:55.858] [ERROR] Transactions2013.json - Line 93 has invalid date
[2019-06-26T11:59:55.859] [ERROR] Transactions2013.json - Line 94 has invalid date
[2019-06-26T11:59:55.861] [ERROR] Transactions2013.json - Line 95 has invalid date
[2019-06-26T11:59:55.863] [ERROR] Transactions2013.json - Line 96 has invalid date
[2019-06-26T11:59:55.865] [ERROR] Transactions2013.json - Line 97 has invalid date
[2019-06-26T11:59:55.866] [ERROR] Transactions2013.json - Line 98 has invalid date
[2019-06-26T11:59:55.868] [ERROR] Transactions2013.json - Line 99 has invalid date
[2019-06-26T11:59:55.869] [ERROR] Transactions2013.json - Line 100 has invalid date
[2019-06-26T11:59:55.870] [ERROR] Transactions2013.json - Line 101 has invalid date
[2019-06-26T11:59:55.872] [ERROR] Transactions2013.json - Line 102 has invalid date
[2019-06-26T11:59:55.873] [ERROR] Transactions2013.json - Line 103 has invalid date
[2019-06-26T11:59:55.875] [ERROR] Transactions2013.json - Line 104 has invalid date
[2019-06-26T11:59:55.876] [ERROR] Transactions2013.json - Line 105 has invalid date
[2019-06-26T11:59:55.878] [ERROR] Transactions2013.json - Line 106 has invalid date
[2019-06-26T11:59:55.880] [ERROR] Transactions2013.json - Line 107 has invalid date
[2019-06-26T11:59:55.882] [ERROR] Transactions2013.json - Line 108 has invalid date
[2019-06-26T11:59:55.884] [ERROR] Transactions2013.json - Line 109 has invalid date
[2019-06-26T11:59:55.885] [ERROR] Transactions2013.json - Line 110 has invalid date
[2019-06-26T11:59:55.886] [ERROR] Transactions2013.json - Line 111 has invalid date
[2019-06-26T11:59:55.888] [ERROR] Transactions2013.json - Line 112 has invalid date
[2019-06-26T11:59:55.889] [ERROR] Transactions2013.json - Line 113 has invalid date
[2019-06-26T11:59:55.891] [ERROR] Transactions2013.json - Line 114 has invalid date
[2019-06-26T11:59:55.892] [ERROR] Transactions2013.json - Line 115 has invalid date
[2019-06-26T11:59:55.894] [ERROR] Transactions2013.json - Line 116 has invalid date
[2019-06-26T11:59:55.895] [ERROR] Transactions2013.json - Line 117 has invalid date
[2019-06-26T11:59:55.896] [ERROR] Transactions2013.json - Line 118 has invalid date
[2019-06-26T11:59:55.898] [ERROR] Transactions2013.json - Line 119 has invalid date
[2019-06-26T11:59:55.899] [ERROR] Transactions2013.json - Line 120 has invalid date
[2019-06-26T11:59:55.900] [ERROR] Transactions2013.json - Line 121 has invalid date
[2019-06-26T11:59:55.901] [ERROR] Transactions2013.json - Line 122 has invalid date
[2019-06-26T11:59:55.903] [ERROR] Transactions2013.json - Line 123 has invalid date
[2019-06-26T11:59:55.904] [ERROR] Transactions2013.json - Line 124 has invalid date
[2019-06-26T11:59:55.906] [ERROR] Transactions2013.json - Line 125 has invalid date
[2019-06-26T11:59:55.907] [ERROR] Transactions2013.json - Line 126 has invalid date
[2019-06-26T11:59:55.909] [ERROR] Transactions2013.json - Line 127 has invalid date
[2019-06-26T11:59:55.910] [ERROR] Transactions2013.json - Line 128 has invalid date
[2019-06-26T11:59:55.911] [ERROR] Transactions2013.json - Line 129 has invalid date
[2019-06-26T11:59:55.913] [ERROR] Transactions2013.json - Line 130 has invalid date
[2019-06-26T11:59:55.914] [ERROR] Transactions2013.json - Line 131 has invalid date
[2019-06-26T11:59:55.916] [ERROR] Transactions2013.json - Line 132 has invalid date
[2019-06-26T11:59:55.918] [ERROR] Transactions2013.json - Line 133 has invalid date
[2019-06-26T11:59:55.919] [ERROR] Transactions2013.json - Line 134 has invalid date
[2019-06-26T11:59:55.921] [ERROR] Transactions2013.json - Line 135 has invalid date
[2019-06-26T11:59:55.923] [ERROR] Transactions2013.json - Line 136 has invalid date
[2019-06-26T11:59:55.924] [ERROR] Transactions2013.json - Line 137 has invalid date
[2019-06-26T11:59:55.926] [ERROR] Transactions2013.json - Line 138 has invalid date
[2019-06-26T11:59:55.927] [ERROR] Transactions2013.json - Line 139 has invalid date
[2019-06-26T11:59:55.929] [ERROR] Transactions2013.json - Line 140 has invalid date
[2019-06-26T11:59:55.930] [ERROR] Transactions2013.json - Line 141 has invalid date
[2019-06-26T11:59:55.931] [ERROR] Transactions2013.json - Line 142 has invalid date
[2019-06-26T11:59:55.933] [ERROR] Transactions2013.json - Line 143 has invalid date
[2019-06-26T11:59:55.934] [ERROR] Transactions2013.json - Line 144 has invalid date
[2019-06-26T11:59:55.935] [ERROR] Transactions2013.json - Line 145 has invalid date
[2019-06-26T12:00:01.247] [INFO] Transactions2014.csv - Starts reading from Transactions2014.csv
[2019-06-26T12:00:01.267] [INFO] DodgyTransactions2015.csv - Starts reading from DodgyTransactions2015.csv
[2019-06-26T12:00:01.270] [ERROR] DodgyTransactions2015.csv - Line 28 has invalid amount of money
[2019-06-26T12:00:01.283] [ERROR] DodgyTransactions2015.csv - Line 52 has invalid date
[2019-06-26T12:00:01.284] [INFO] Transactions2013.json - Starts reading from Transactions2013.json
[2019-06-26T12:00:01.286] [ERROR] Transactions2013.json - Line 2 has invalid date
[2019-06-26T12:00:01.288] [ERROR] Transactions2013.json - Line 3 has invalid date
[2019-06-26T12:00:01.289] [ERROR] Transactions2013.json - Line 4 has invalid date
[2019-06-26T12:00:01.290] [ERROR] Transactions2013.json - Line 5 has invalid date
[2019-06-26T12:00:01.291] [ERROR] Transactions2013.json - Line 6 has invalid date
[2019-06-26T12:00:01.292] [ERROR] Transactions2013.json - Line 7 has invalid date
[2019-06-26T12:00:01.293] [ERROR] Transactions2013.json - Line 8 has invalid date
[2019-06-26T12:00:01.294] [ERROR] Transactions2013.json - Line 9 has invalid date
[2019-06-26T12:00:01.295] [ERROR] Transactions2013.json - Line 10 has invalid date
[2019-06-26T12:00:01.296] [ERROR] Transactions2013.json - Line 11 has invalid date
[2019-06-26T12:00:01.297] [ERROR] Transactions2013.json - Line 12 has invalid date
[2019-06-26T12:00:01.298] [ERROR] Transactions2013.json - Line 13 has invalid date
[2019-06-26T12:00:01.299] [ERROR] Transactions2013.json - Line 14 has invalid date
[2019-06-26T12:00:01.300] [ERROR] Transactions2013.json - Line 15 has invalid date
[2019-06-26T12:00:01.301] [ERROR] Transactions2013.json - Line 16 has invalid date
[2019-06-26T12:00:01.302] [ERROR] Transactions2013.json - Line 17 has invalid date
[2019-06-26T12:00:01.303] [ERROR] Transactions2013.json - Line 18 has invalid date
[2019-06-26T12:00:01.304] [ERROR] Transactions2013.json - Line 19 has invalid date
[2019-06-26T12:00:01.305] [ERROR] Transactions2013.json - Line 20 has invalid date
[2019-06-26T12:00:01.306] [ERROR] Transactions2013.json - Line 21 has invalid date
[2019-06-26T12:00:01.307] [ERROR] Transactions2013.json - Line 22 has invalid date
[2019-06-26T12:00:01.309] [ERROR] Transactions2013.json - Line 23 has invalid date
[2019-06-26T12:00:01.310] [ERROR] Transactions2013.json - Line 24 has invalid date
[2019-06-26T12:00:01.311] [ERROR] Transactions2013.json - Line 25 has invalid date
[2019-06-26T12:00:01.312] [ERROR] Transactions2013.json - Line 26 has invalid date
[2019-06-26T12:00:01.313] [ERROR] Transactions2013.json - Line 27 has invalid date
[2019-06-26T12:00:01.314] [ERROR] Transactions2013.json - Line 28 has invalid date
[2019-06-26T12:00:01.315] [ERROR] Transactions2013.json - Line 29 has invalid date
[2019-06-26T12:00:01.317] [ERROR] Transactions2013.json - Line 30 has invalid date
[2019-06-26T12:00:01.318] [ERROR] Transactions2013.json - Line 31 has invalid date
[2019-06-26T12:00:01.319] [ERROR] Transactions2013.json - Line 32 has invalid date
[2019-06-26T12:00:01.321] [ERROR] Transactions2013.json - Line 33 has invalid date
[2019-06-26T12:00:01.322] [ERROR] Transactions2013.json - Line 34 has invalid date
[2019-06-26T12:00:01.323] [ERROR] Transactions2013.json - Line 35 has invalid date
[2019-06-26T12:00:01.325] [ERROR] Transactions2013.json - Line 36 has invalid date
[2019-06-26T12:00:01.326] [ERROR] Transactions2013.json - Line 37 has invalid date
[2019-06-26T12:00:01.328] [ERROR] Transactions2013.json - Line 38 has invalid date
[2019-06-26T12:00:01.329] [ERROR] Transactions2013.json - Line 39 has invalid date
[2019-06-26T12:00:01.331] [ERROR] Transactions2013.json - Line 40 has invalid date
[2019-06-26T12:00:01.332] [ERROR] Transactions2013.json - Line 41 has invalid date
[2019-06-26T12:00:01.334] [ERROR] Transactions2013.json - Line 42 has invalid date
[2019-06-26T12:00:01.335] [ERROR] Transactions2013.json - Line 43 has invalid date
[2019-06-26T12:00:01.337] [ERROR] Transactions2013.json - Line 44 has invalid date
[2019-06-26T12:00:01.338] [ERROR] Transactions2013.json - Line 45 has invalid date
[2019-06-26T12:00:01.339] [ERROR] Transactions2013.json - Line 46 has invalid date
[2019-06-26T12:00:01.340] [ERROR] Transactions2013.json - Line 47 has invalid date
[2019-06-26T12:00:01.341] [ERROR] Transactions2013.json - Line 48 has invalid date
[2019-06-26T12:00:01.343] [ERROR] Transactions2013.json - Line 49 has invalid date
[2019-06-26T12:00:01.344] [ERROR] Transactions2013.json - Line 50 has invalid date
[2019-06-26T12:00:01.345] [ERROR] Transactions2013.json - Line 51 has invalid date
[2019-06-26T12:00:01.347] [ERROR] Transactions2013.json - Line 52 has invalid date
[2019-06-26T12:00:01.348] [ERROR] Transactions2013.json - Line 53 has invalid date
[2019-06-26T12:00:01.349] [ERROR] Transactions2013.json - Line 54 has invalid date
[2019-06-26T12:00:01.350] [ERROR] Transactions2013.json - Line 55 has invalid date
[2019-06-26T12:00:01.353] [ERROR] Transactions2013.json - Line 56 has invalid date
[2019-06-26T12:00:01.354] [ERROR] Transactions2013.json - Line 57 has invalid date
[2019-06-26T12:00:01.356] [ERROR] Transactions2013.json - Line 58 has invalid date
[2019-06-26T12:00:01.357] [ERROR] Transactions2013.json - Line 59 has invalid date
[2019-06-26T12:00:01.359] [ERROR] Transactions2013.json - Line 60 has invalid date
[2019-06-26T12:00:01.361] [ERROR] Transactions2013.json - Line 61 has invalid date
[2019-06-26T12:00:01.362] [ERROR] Transactions2013.json - Line 62 has invalid date
[2019-06-26T12:00:01.364] [ERROR] Transactions2013.json - Line 63 has invalid date
[2019-06-26T12:00:01.365] [ERROR] Transactions2013.json - Line 64 has invalid date
[2019-06-26T12:00:01.367] [ERROR] Transactions2013.json - Line 65 has invalid date
[2019-06-26T12:00:01.368] [ERROR] Transactions2013.json - Line 66 has invalid date
[2019-06-26T12:00:01.369] [ERROR] Transactions2013.json - Line 67 has invalid date
[2019-06-26T12:00:01.370] [ERROR] Transactions2013.json - Line 68 has invalid date
[2019-06-26T12:00:01.371] [ERROR] Transactions2013.json - Line 69 has invalid date
[2019-06-26T12:00:01.373] [ERROR] Transactions2013.json - Line 70 has invalid date
[2019-06-26T12:00:01.374] [ERROR] Transactions2013.json - Line 71 has invalid date
[2019-06-26T12:00:01.375] [ERROR] Transactions2013.json - Line 72 has invalid date
[2019-06-26T12:00:01.377] [ERROR] Transactions2013.json - Line 73 has invalid date
[2019-06-26T12:00:01.378] [ERROR] Transactions2013.json - Line 74 has invalid date
[2019-06-26T12:00:01.381] [ERROR] Transactions2013.json - Line 75 has invalid date
[2019-06-26T12:00:01.382] [ERROR] Transactions2013.json - Line 76 has invalid date
[2019-06-26T12:00:01.383] [ERROR] Transactions2013.json - Line 77 has invalid date
[2019-06-26T12:00:01.384] [ERROR] Transactions2013.json - Line 78 has invalid date
[2019-06-26T12:00:01.386] [ERROR] Transactions2013.json - Line 79 has invalid date
[2019-06-26T12:00:01.387] [ERROR] Transactions2013.json - Line 80 has invalid date
[2019-06-26T12:00:01.388] [ERROR] Transactions2013.json - Line 81 has invalid date
[2019-06-26T12:00:01.389] [ERROR] Transactions2013.json - Line 82 has invalid date
[2019-06-26T12:00:01.390] [ERROR] Transactions2013.json - Line 83 has invalid date
[2019-06-26T12:00:01.391] [ERROR] Transactions2013.json - Line 84 has invalid date
[2019-06-26T12:00:01.392] [ERROR] Transactions2013.json - Line 85 has invalid date
[2019-06-26T12:00:01.395] [ERROR] Transactions2013.json - Line 86 has invalid date
[2019-06-26T12:00:01.396] [ERROR] Transactions2013.json - Line 87 has invalid date
[2019-06-26T12:00:01.398] [ERROR] Transactions2013.json - Line 88 has invalid date
[2019-06-26T12:00:01.399] [ERROR] Transactions2013.json - Line 89 has invalid date
[2019-06-26T12:00:01.400] [ERROR] Transactions2013.json - Line 90 has invalid date
[2019-06-26T12:00:01.401] [ERROR] Transactions2013.json - Line 91 has invalid date
[2019-06-26T12:00:01.402] [ERROR] Transactions2013.json - Line 92 has invalid date
[2019-06-26T12:00:01.404] [ERROR] Transactions2013.json - Line 93 has invalid date
[2019-06-26T12:00:01.405] [ERROR] Transactions2013.json - Line 94 has invalid date
[2019-06-26T12:00:01.406] [ERROR] Transactions2013.json - Line 95 has invalid date
[2019-06-26T12:00:01.407] [ERROR] Transactions2013.json - Line 96 has invalid date
[2019-06-26T12:00:01.408] [ERROR] Transactions2013.json - Line 97 has invalid date
[2019-06-26T12:00:01.410] [ERROR] Transactions2013.json - Line 98 has invalid date
[2019-06-26T12:00:01.411] [ERROR] Transactions2013.json - Line 99 has invalid date
[2019-06-26T12:00:01.412] [ERROR] Transactions2013.json - Line 100 has invalid date
[2019-06-26T12:00:01.413] [ERROR] Transactions2013.json - Line 101 has invalid date
[2019-06-26T12:00:01.414] [ERROR] Transactions2013.json - Line 102 has invalid date
[2019-06-26T12:00:01.415] [ERROR] Transactions2013.json - Line 103 has invalid date
[2019-06-26T12:00:01.416] [ERROR] Transactions2013.json - Line 104 has invalid date
[2019-06-26T12:00:01.417] [ERROR] Transactions2013.json - Line 105 has invalid date
[2019-06-26T12:00:01.418] [ERROR] Transactions2013.json - Line 106 has invalid date
[2019-06-26T12:00:01.419] [ERROR] Transactions2013.json - Line 107 has invalid date
[2019-06-26T12:00:01.420] [ERROR] Transactions2013.json - Line 108 has invalid date
[2019-06-26T12:00:01.421] [ERROR] Transactions2013.json - Line 109 has invalid date
[2019-06-26T12:00:01.422] [ERROR] Transactions2013.json - Line 110 has invalid date
[2019-06-26T12:00:01.424] [ERROR] Transactions2013.json - Line 111 has invalid date
[2019-06-26T12:00:01.426] [ERROR] Transactions2013.json - Line 112 has invalid date
[2019-06-26T12:00:01.428] [ERROR] Transactions2013.json - Line 113 has invalid date
[2019-06-26T12:00:01.430] [ERROR] Transactions2013.json - Line 114 has invalid date
[2019-06-26T12:00:01.431] [ERROR] Transactions2013.json - Line 115 has invalid date
[2019-06-26T12:00:01.432] [ERROR] Transactions2013.json - Line 116 has invalid date
[2019-06-26T12:00:01.433] [ERROR] Transactions2013.json - Line 117 has invalid date
[2019-06-26T12:00:01.435] [ERROR] Transactions2013.json - Line 118 has invalid date
[2019-06-26T12:00:01.436] [ERROR] Transactions2013.json - Line 119 has invalid date
[2019-06-26T12:00:01.438] [ERROR] Transactions2013.json - Line 120 has invalid date
[2019-06-26T12:00:01.439] [ERROR] Transactions2013.json - Line 121 has invalid date
[2019-06-26T12:00:01.440] [ERROR] Transactions2013.json - Line 122 has invalid date
[2019-06-26T12:00:01.441] [ERROR] Transactions2013.json - Line 123 has invalid date
[2019-06-26T12:00:01.443] [ERROR] Transactions2013.json - Line 124 has invalid date
[2019-06-26T12:00:01.444] [ERROR] Transactions2013.json - Line 125 has invalid date
[2019-06-26T12:00:01.447] [ERROR] Transactions2013.json - Line 126 has invalid date
[2019-06-26T12:00:01.448] [ERROR] Transactions2013.json - Line 127 has invalid date
[2019-06-26T12:00:01.449] [ERROR] Transactions2013.json - Line 128 has invalid date
[2019-06-26T12:00:01.450] [ERROR] Transactions2013.json - Line 129 has invalid date
[2019-06-26T12:00:01.452] [ERROR] Transactions2013.json - Line 130 has invalid date
[2019-06-26T12:00:01.453] [ERROR] Transactions2013.json - Line 131 has invalid date
[2019-06-26T12:00:01.454] [ERROR] Transactions2013.json - Line 132 has invalid date
[2019-06-26T12:00:01.458] [ERROR] Transactions2013.json - Line 133 has invalid date
[2019-06-26T12:00:01.460] [ERROR] Transactions2013.json - Line 134 has invalid date
[2019-06-26T12:00:01.461] [ERROR] Transactions2013.json - Line 135 has invalid date
[2019-06-26T12:00:01.463] [ERROR] Transactions2013.json - Line 136 has invalid date
[2019-06-26T12:00:01.464] [ERROR] Transactions2013.json - Line 137 has invalid date
[2019-06-26T12:00:01.465] [ERROR] Transactions2013.json - Line 138 has invalid date
[2019-06-26T12:00:01.467] [ERROR] Transactions2013.json - Line 139 has invalid date
[2019-06-26T12:00:01.468] [ERROR] Transactions2013.json - Line 140 has invalid date
[2019-06-26T12:00:01.469] [ERROR] Transactions2013.json - Line 141 has invalid date
[2019-06-26T12:00:01.470] [ERROR] Transactions2013.json - Line 142 has invalid date
[2019-06-26T12:00:01.471] [ERROR] Transactions2013.json - Line 143 has invalid date
[2019-06-26T12:00:01.472] [ERROR] Transactions2013.json - Line 144 has invalid date
[2019-06-26T12:00:01.474] [ERROR] Transactions2013.json - Line 145 has invalid date
[2019-06-26T12:00:54.602] [INFO] Transactions2014.csv - Starts reading from Transactions2014.csv
[2019-06-26T12:00:54.622] [INFO] DodgyTransactions2015.csv - Starts reading from DodgyTransactions2015.csv
[2019-06-26T12:00:54.625] [ERROR] DodgyTransactions2015.csv - Line 28 has invalid amount of money
[2019-06-26T12:00:54.634] [ERROR] DodgyTransactions2015.csv - Line 52 has invalid date
[2019-06-26T12:00:54.635] [INFO] Transactions2013.json - Starts reading from Transactions2013.json
[2019-06-26T12:00:54.637] [ERROR] Transactions2013.json - Line 2 has invalid date
[2019-06-26T12:00:54.638] [ERROR] Transactions2013.json - Line 3 has invalid date
[2019-06-26T12:00:54.638] [ERROR] Transactions2013.json - Line 4 has invalid date
[2019-06-26T12:00:54.639] [ERROR] Transactions2013.json - Line 5 has invalid date
[2019-06-26T12:00:54.640] [ERROR] Transactions2013.json - Line 6 has invalid date
[2019-06-26T12:00:54.641] [ERROR] Transactions2013.json - Line 7 has invalid date
[2019-06-26T12:00:54.642] [ERROR] Transactions2013.json - Line 8 has invalid date
[2019-06-26T12:00:54.643] [ERROR] Transactions2013.json - Line 9 has invalid date
[2019-06-26T12:00:54.644] [ERROR] Transactions2013.json - Line 10 has invalid date
[2019-06-26T12:00:54.645] [ERROR] Transactions2013.json - Line 11 has invalid date
[2019-06-26T12:00:54.646] [ERROR] Transactions2013.json - Line 12 has invalid date
[2019-06-26T12:00:54.647] [ERROR] Transactions2013.json - Line 13 has invalid date
[2019-06-26T12:00:54.648] [ERROR] Transactions2013.json - Line 14 has invalid date
[2019-06-26T12:00:54.649] [ERROR] Transactions2013.json - Line 15 has invalid date
[2019-06-26T12:00:54.650] [ERROR] Transactions2013.json - Line 16 has invalid date
[2019-06-26T12:00:54.651] [ERROR] Transactions2013.json - Line 17 has invalid date
[2019-06-26T12:00:54.652] [ERROR] Transactions2013.json - Line 18 has invalid date
[2019-06-26T12:00:54.652] [ERROR] Transactions2013.json - Line 19 has invalid date
[2019-06-26T12:00:54.653] [ERROR] Transactions2013.json - Line 20 has invalid date
[2019-06-26T12:00:54.654] [ERROR] Transactions2013.json - Line 21 has invalid date
[2019-06-26T12:00:54.655] [ERROR] Transactions2013.json - Line 22 has invalid date
[2019-06-26T12:00:54.656] [ERROR] Transactions2013.json - Line 23 has invalid date
[2019-06-26T12:00:54.657] [ERROR] Transactions2013.json - Line 24 has invalid date
[2019-06-26T12:00:54.658] [ERROR] Transactions2013.json - Line 25 has invalid date
[2019-06-26T12:00:54.659] [ERROR] Transactions2013.json - Line 26 has invalid date
[2019-06-26T12:00:54.660] [ERROR] Transactions2013.json - Line 27 has invalid date
[2019-06-26T12:00:54.661] [ERROR] Transactions2013.json - Line 28 has invalid date
[2019-06-26T12:00:54.662] [ERROR] Transactions2013.json - Line 29 has invalid date
[2019-06-26T12:00:54.663] [ERROR] Transactions2013.json - Line 30 has invalid date
[2019-06-26T12:00:54.664] [ERROR] Transactions2013.json - Line 31 has invalid date
[2019-06-26T12:00:54.665] [ERROR] Transactions2013.json - Line 32 has invalid date
[2019-06-26T12:00:54.666] [ERROR] Transactions2013.json - Line 33 has invalid date
[2019-06-26T12:00:54.667] [ERROR] Transactions2013.json - Line 34 has invalid date
[2019-06-26T12:00:54.668] [ERROR] Transactions2013.json - Line 35 has invalid date
[2019-06-26T12:00:54.669] [ERROR] Transactions2013.json - Line 36 has invalid date
[2019-06-26T12:00:54.670] [ERROR] Transactions2013.json - Line 37 has invalid date
[2019-06-26T12:00:54.671] [ERROR] Transactions2013.json - Line 38 has invalid date
[2019-06-26T12:00:54.672] [ERROR] Transactions2013.json - Line 39 has invalid date
[2019-06-26T12:00:54.673] [ERROR] Transactions2013.json - Line 40 has invalid date
[2019-06-26T12:00:54.674] [ERROR] Transactions2013.json - Line 41 has invalid date
[2019-06-26T12:00:54.676] [ERROR] Transactions2013.json - Line 42 has invalid date
[2019-06-26T12:00:54.677] [ERROR] Transactions2013.json - Line 43 has invalid date
[2019-06-26T12:00:54.678] [ERROR] Transactions2013.json - Line 44 has invalid date
[2019-06-26T12:00:54.679] [ERROR] Transactions2013.json - Line 45 has invalid date
[2019-06-26T12:00:54.680] [ERROR] Transactions2013.json - Line 46 has invalid date
[2019-06-26T12:00:54.681] [ERROR] Transactions2013.json - Line 47 has invalid date
[2019-06-26T12:00:54.682] [ERROR] Transactions2013.json - Line 48 has invalid date
[2019-06-26T12:00:54.683] [ERROR] Transactions2013.json - Line 49 has invalid date
[2019-06-26T12:00:54.684] [ERROR] Transactions2013.json - Line 50 has invalid date
[2019-06-26T12:00:54.686] [ERROR] Transactions2013.json - Line 51 has invalid date
[2019-06-26T12:00:54.687] [ERROR] Transactions2013.json - Line 52 has invalid date
[2019-06-26T12:00:54.688] [ERROR] Transactions2013.json - Line 53 has invalid date
[2019-06-26T12:00:54.689] [ERROR] Transactions2013.json - Line 54 has invalid date
[2019-06-26T12:00:54.690] [ERROR] Transactions2013.json - Line 55 has invalid date
[2019-06-26T12:00:54.691] [ERROR] Transactions2013.json - Line 56 has invalid date
[2019-06-26T12:00:54.692] [ERROR] Transactions2013.json - Line 57 has invalid date
[2019-06-26T12:00:54.694] [ERROR] Transactions2013.json - Line 58 has invalid date
[2019-06-26T12:00:54.695] [ERROR] Transactions2013.json - Line 59 has invalid date
[2019-06-26T12:00:54.697] [ERROR] Transactions2013.json - Line 60 has invalid date
[2019-06-26T12:00:54.698] [ERROR] Transactions2013.json - Line 61 has invalid date
[2019-06-26T12:00:54.699] [ERROR] Transactions2013.json - Line 62 has invalid date
[2019-06-26T12:00:54.700] [ERROR] Transactions2013.json - Line 63 has invalid date
[2019-06-26T12:00:54.701] [ERROR] Transactions2013.json - Line 64 has invalid date
[2019-06-26T12:00:54.702] [ERROR] Transactions2013.json - Line 65 has invalid date
[2019-06-26T12:00:54.703] [ERROR] Transactions2013.json - Line 66 has invalid date
[2019-06-26T12:00:54.704] [ERROR] Transactions2013.json - Line 67 has invalid date
[2019-06-26T12:00:54.706] [ERROR] Transactions2013.json - Line 68 has invalid date
[2019-06-26T12:00:54.707] [ERROR] Transactions2013.json - Line 69 has invalid date
[2019-06-26T12:00:54.708] [ERROR] Transactions2013.json - Line 70 has invalid date
[2019-06-26T12:00:54.709] [ERROR] Transactions2013.json - Line 71 has invalid date
[2019-06-26T12:00:54.711] [ERROR] Transactions2013.json - Line 72 has invalid date
[2019-06-26T12:00:54.712] [ERROR] Transactions2013.json - Line 73 has invalid date
[2019-06-26T12:00:54.713] [ERROR] Transactions2013.json - Line 74 has invalid date
[2019-06-26T12:00:54.714] [ERROR] Transactions2013.json - Line 75 has invalid date
[2019-06-26T12:00:54.715] [ERROR] Transactions2013.json - Line 76 has invalid date
[2019-06-26T12:00:54.716] [ERROR] Transactions2013.json - Line 77 has invalid date
[2019-06-26T12:00:54.717] [ERROR] Transactions2013.json - Line 78 has invalid date
[2019-06-26T12:00:54.717] [ERROR] Transactions2013.json - Line 79 has invalid date
[2019-06-26T12:00:54.718] [ERROR] Transactions2013.json - Line 80 has invalid date
[2019-06-26T12:00:54.719] [ERROR] Transactions2013.json - Line 81 has invalid date
[2019-06-26T12:00:54.721] [ERROR] Transactions2013.json - Line 82 has invalid date
[2019-06-26T12:00:54.722] [ERROR] Transactions2013.json - Line 83 has invalid date
[2019-06-26T12:00:54.723] [ERROR] Transactions2013.json - Line 84 has invalid date
[2019-06-26T12:00:54.724] [ERROR] Transactions2013.json - Line 85 has invalid date
[2019-06-26T12:00:54.725] [ERROR] Transactions2013.json - Line 86 has invalid date
[2019-06-26T12:00:54.726] [ERROR] Transactions2013.json - Line 87 has invalid date
[2019-06-26T12:00:54.727] [ERROR] Transactions2013.json - Line 88 has invalid date
[2019-06-26T12:00:54.728] [ERROR] Transactions2013.json - Line 89 has invalid date
[2019-06-26T12:00:54.729] [ERROR] Transactions2013.json - Line 90 has invalid date
[2019-06-26T12:00:54.731] [ERROR] Transactions2013.json - Line 91 has invalid date
[2019-06-26T12:00:54.732] [ERROR] Transactions2013.json - Line 92 has invalid date
[2019-06-26T12:00:54.733] [ERROR] Transactions2013.json - Line 93 has invalid date
[2019-06-26T12:00:54.734] [ERROR] Transactions2013.json - Line 94 has invalid date
[2019-06-26T12:00:54.735] [ERROR] Transactions2013.json - Line 95 has invalid date
[2019-06-26T12:00:54.735] [ERROR] Transactions2013.json - Line 96 has invalid date
[2019-06-26T12:00:54.736] [ERROR] Transactions2013.json - Line 97 has invalid date
[2019-06-26T12:00:54.737] [ERROR] Transactions2013.json - Line 98 has invalid date
[2019-06-26T12:00:54.738] [ERROR] Transactions2013.json - Line 99 has invalid date
[2019-06-26T12:00:54.739] [ERROR] Transactions2013.json - Line 100 has invalid date
[2019-06-26T12:00:54.740] [ERROR] Transactions2013.json - Line 101 has invalid date
[2019-06-26T12:00:54.741] [ERROR] Transactions2013.json - Line 102 has invalid date
[2019-06-26T12:00:54.742] [ERROR] Transactions2013.json - Line 103 has invalid date
[2019-06-26T12:00:54.744] [ERROR] Transactions2013.json - Line 104 has invalid date
[2019-06-26T12:00:54.745] [ERROR] Transactions2013.json - Line 105 has invalid date
[2019-06-26T12:00:54.746] [ERROR] Transactions2013.json - Line 106 has invalid date
[2019-06-26T12:00:54.746] [ERROR] Transactions2013.json - Line 107 has invalid date
[2019-06-26T12:00:54.747] [ERROR] Transactions2013.json - Line 108 has invalid date
[2019-06-26T12:00:54.748] [ERROR] Transactions2013.json - Line 109 has invalid date
[2019-06-26T12:00:54.749] [ERROR] Transactions2013.json - Line 110 has invalid date
[2019-06-26T12:00:54.750] [ERROR] Transactions2013.json - Line 111 has invalid date
[2019-06-26T12:00:54.752] [ERROR] Transactions2013.json - Line 112 has invalid date
[2019-06-26T12:00:54.753] [ERROR] Transactions2013.json - Line 113 has invalid date
[2019-06-26T12:00:54.755] [ERROR] Transactions2013.json - Line 114 has invalid date
[2019-06-26T12:00:54.756] [ERROR] Transactions2013.json - Line 115 has invalid date
[2019-06-26T12:00:54.757] [ERROR] Transactions2013.json - Line 116 has invalid date
[2019-06-26T12:00:54.758] [ERROR] Transactions2013.json - Line 117 has invalid date
[2019-06-26T12:00:54.759] [ERROR] Transactions2013.json - Line 118 has invalid date
[2019-06-26T12:00:54.761] [ERROR] Transactions2013.json - Line 119 has invalid date
[2019-06-26T12:00:54.762] [ERROR] Transactions2013.json - Line 120 has invalid date
[2019-06-26T12:00:54.763] [ERROR] Transactions2013.json - Line 121 has invalid date
[2019-06-26T12:00:54.764] [ERROR] Transactions2013.json - Line 122 has invalid date
[2019-06-26T12:00:54.765] [ERROR] Transactions2013.json - Line 123 has invalid date
[2019-06-26T12:00:54.767] [ERROR] Transactions2013.json - Line 124 has invalid date
[2019-06-26T12:00:54.768] [ERROR] Transactions2013.json - Line 125 has invalid date
[2019-06-26T12:00:54.769] [ERROR] Transactions2013.json - Line 126 has invalid date
[2019-06-26T12:00:54.770] [ERROR] Transactions2013.json - Line 127 has invalid date
[2019-06-26T12:00:54.771] [ERROR] Transactions2013.json - Line 128 has invalid date
[2019-06-26T12:00:54.772] [ERROR] Transactions2013.json - Line 129 has invalid date
[2019-06-26T12:00:54.773] [ERROR] Transactions2013.json - Line 130 has invalid date
[2019-06-26T12:00:54.774] [ERROR] Transactions2013.json - Line 131 has invalid date
[2019-06-26T12:00:54.776] [ERROR] Transactions2013.json - Line 132 has invalid date
[2019-06-26T12:00:54.777] [ERROR] Transactions2013.json - Line 133 has invalid date
[2019-06-26T12:00:54.778] [ERROR] Transactions2013.json - Line 134 has invalid date
[2019-06-26T12:00:54.780] [ERROR] Transactions2013.json - Line 135 has invalid date
[2019-06-26T12:00:54.781] [ERROR] Transactions2013.json - Line 136 has invalid date
[2019-06-26T12:00:54.782] [ERROR] Transactions2013.json - Line 137 has invalid date
[2019-06-26T12:00:54.783] [ERROR] Transactions2013.json - Line 138 has invalid date
[2019-06-26T12:00:54.784] [ERROR] Transactions2013.json - Line 139 has invalid date
[2019-06-26T12:00:54.786] [ERROR] Transactions2013.json - Line 140 has invalid date
[2019-06-26T12:00:54.787] [ERROR] Transactions2013.json - Line 141 has invalid date
[2019-06-26T12:00:54.788] [ERROR] Transactions2013.json - Line 142 has invalid date
[2019-06-26T12:00:54.789] [ERROR] Transactions2013.json - Line 143 has invalid date
[2019-06-26T12:00:54.790] [ERROR] Transactions2013.json - Line 144 has invalid date
[2019-06-26T12:00:54.791] [ERROR] Transactions2013.json - Line 145 has invalid date
[2019-06-26T12:02:11.997] [INFO] Transactions2014.csv - Starts reading from Transactions2014.csv
[2019-06-26T12:02:12.018] [INFO] DodgyTransactions2015.csv - Starts reading from DodgyTransactions2015.csv
[2019-06-26T12:02:12.021] [ERROR] DodgyTransactions2015.csv - Line 28 has invalid amount of money
[2019-06-26T12:02:12.030] [ERROR] DodgyTransactions2015.csv - Line 52 has invalid date
[2019-06-26T12:02:12.032] [INFO] Transactions2013.json - Starts reading from Transactions2013.json
[2019-06-26T12:02:12.034] [ERROR] Transactions2013.json - Line 2 has invalid date
[2019-06-26T12:02:12.035] [ERROR] Transactions2013.json - Line 3 has invalid date
[2019-06-26T12:02:12.036] [ERROR] Transactions2013.json - Line 4 has invalid date
[2019-06-26T12:02:12.038] [ERROR] Transactions2013.json - Line 5 has invalid date
[2019-06-26T12:02:12.039] [ERROR] Transactions2013.json - Line 6 has invalid date
[2019-06-26T12:02:12.040] [ERROR] Transactions2013.json - Line 7 has invalid date
[2019-06-26T12:02:12.042] [ERROR] Transactions2013.json - Line 8 has invalid date
[2019-06-26T12:02:12.043] [ERROR] Transactions2013.json - Line 9 has invalid date
[2019-06-26T12:02:12.044] [ERROR] Transactions2013.json - Line 10 has invalid date
[2019-06-26T12:02:12.045] [ERROR] Transactions2013.json - Line 11 has invalid date
[2019-06-26T12:02:12.046] [ERROR] Transactions2013.json - Line 12 has invalid date
[2019-06-26T12:02:12.047] [ERROR] Transactions2013.json - Line 13 has invalid date
[2019-06-26T12:02:12.048] [ERROR] Transactions2013.json - Line 14 has invalid date
[2019-06-26T12:02:12.049] [ERROR] Transactions2013.json - Line 15 has invalid date
[2019-06-26T12:02:12.050] [ERROR] Transactions2013.json - Line 16 has invalid date
[2019-06-26T12:02:12.052] [ERROR] Transactions2013.json - Line 17 has invalid date
[2019-06-26T12:02:12.053] [ERROR] Transactions2013.json - Line 18 has invalid date
[2019-06-26T12:02:12.055] [ERROR] Transactions2013.json - Line 19 has invalid date
[2019-06-26T12:02:12.056] [ERROR] Transactions2013.json - Line 20 has invalid date
[2019-06-26T12:02:12.059] [ERROR] Transactions2013.json - Line 21 has invalid date
[2019-06-26T12:02:12.060] [ERROR] Transactions2013.json - Line 22 has invalid date
[2019-06-26T12:02:12.062] [ERROR] Transactions2013.json - Line 23 has invalid date
[2019-06-26T12:02:12.064] [ERROR] Transactions2013.json - Line 24 has invalid date
[2019-06-26T12:02:12.065] [ERROR] Transactions2013.json - Line 25 has invalid date
[2019-06-26T12:02:12.067] [ERROR] Transactions2013.json - Line 26 has invalid date
[2019-06-26T12:02:12.068] [ERROR] Transactions2013.json - Line 27 has invalid date
[2019-06-26T12:02:12.070] [ERROR] Transactions2013.json - Line 28 has invalid date
[2019-06-26T12:02:12.071] [ERROR] Transactions2013.json - Line 29 has invalid date
[2019-06-26T12:02:12.073] [ERROR] Transactions2013.json - Line 30 has invalid date
[2019-06-26T12:02:12.074] [ERROR] Transactions2013.json - Line 31 has invalid date
[2019-06-26T12:02:12.076] [ERROR] Transactions2013.json - Line 32 has invalid date
[2019-06-26T12:02:12.078] [ERROR] Transactions2013.json - Line 33 has invalid date
[2019-06-26T12:02:12.081] [ERROR] Transactions2013.json - Line 34 has invalid date
[2019-06-26T12:02:12.083] [ERROR] Transactions2013.json - Line 35 has invalid date
[2019-06-26T12:02:12.084] [ERROR] Transactions2013.json - Line 36 has invalid date
[2019-06-26T12:02:12.086] [ERROR] Transactions2013.json - Line 37 has invalid date
[2019-06-26T12:02:12.087] [ERROR] Transactions2013.json - Line 38 has invalid date
[2019-06-26T12:02:12.088] [ERROR] Transactions2013.json - Line 39 has invalid date
[2019-06-26T12:02:12.090] [ERROR] Transactions2013.json - Line 40 has invalid date
[2019-06-26T12:02:12.091] [ERROR] Transactions2013.json - Line 41 has invalid date
[2019-06-26T12:02:12.093] [ERROR] Transactions2013.json - Line 42 has invalid date
[2019-06-26T12:02:12.094] [ERROR] Transactions2013.json - Line 43 has invalid date
[2019-06-26T12:02:12.096] [ERROR] Transactions2013.json - Line 44 has invalid date
[2019-06-26T12:02:12.097] [ERROR] Transactions2013.json - Line 45 has invalid date
[2019-06-26T12:02:12.099] [ERROR] Transactions2013.json - Line 46 has invalid date
[2019-06-26T12:02:12.100] [ERROR] Transactions2013.json - Line 47 has invalid date
[2019-06-26T12:02:12.102] [ERROR] Transactions2013.json - Line 48 has invalid date
[2019-06-26T12:02:12.103] [ERROR] Transactions2013.json - Line 49 has invalid date
[2019-06-26T12:02:12.105] [ERROR] Transactions2013.json - Line 50 has invalid date
[2019-06-26T12:02:12.107] [ERROR] Transactions2013.json - Line 51 has invalid date
[2019-06-26T12:02:12.108] [ERROR] Transactions2013.json - Line 52 has invalid date
[2019-06-26T12:02:12.110] [ERROR] Transactions2013.json - Line 53 has invalid date
[2019-06-26T12:02:12.112] [ERROR] Transactions2013.json - Line 54 has invalid date
[2019-06-26T12:02:12.113] [ERROR] Transactions2013.json - Line 55 has invalid date
[2019-06-26T12:02:12.115] [ERROR] Transactions2013.json - Line 56 has invalid date
[2019-06-26T12:02:12.116] [ERROR] Transactions2013.json - Line 57 has invalid date
[2019-06-26T12:02:12.118] [ERROR] Transactions2013.json - Line 58 has invalid date
[2019-06-26T12:02:12.119] [ERROR] Transactions2013.json - Line 59 has invalid date
[2019-06-26T12:02:12.121] [ERROR] Transactions2013.json - Line 60 has invalid date
[2019-06-26T12:02:12.122] [ERROR] Transactions2013.json - Line 61 has invalid date
[2019-06-26T12:02:12.123] [ERROR] Transactions2013.json - Line 62 has invalid date
[2019-06-26T12:02:12.125] [ERROR] Transactions2013.json - Line 63 has invalid date
[2019-06-26T12:02:12.127] [ERROR] Transactions2013.json - Line 64 has invalid date
[2019-06-26T12:02:12.128] [ERROR] Transactions2013.json - Line 65 has invalid date
[2019-06-26T12:02:12.130] [ERROR] Transactions2013.json - Line 66 has invalid date
[2019-06-26T12:02:12.131] [ERROR] Transactions2013.json - Line 67 has invalid date
[2019-06-26T12:02:12.132] [ERROR] Transactions2013.json - Line 68 has invalid date
[2019-06-26T12:02:12.133] [ERROR] Transactions2013.json - Line 69 has invalid date
[2019-06-26T12:02:12.135] [ERROR] Transactions2013.json - Line 70 has invalid date
[2019-06-26T12:02:12.136] [ERROR] Transactions2013.json - Line 71 has invalid date
[2019-06-26T12:02:12.137] [ERROR] Transactions2013.json - Line 72 has invalid date
[2019-06-26T12:02:12.138] [ERROR] Transactions2013.json - Line 73 has invalid date
[2019-06-26T12:02:12.140] [ERROR] Transactions2013.json - Line 74 has invalid date
[2019-06-26T12:02:12.141] [ERROR] Transactions2013.json - Line 75 has invalid date
[2019-06-26T12:02:12.142] [ERROR] Transactions2013.json - Line 76 has invalid date
[2019-06-26T12:02:12.144] [ERROR] Transactions2013.json - Line 77 has invalid date
[2019-06-26T12:02:12.145] [ERROR] Transactions2013.json - Line 78 has invalid date
[2019-06-26T12:02:12.146] [ERROR] Transactions2013.json - Line 79 has invalid date
[2019-06-26T12:02:12.147] [ERROR] Transactions2013.json - Line 80 has invalid date
[2019-06-26T12:02:12.149] [ERROR] Transactions2013.json - Line 81 has invalid date
[2019-06-26T12:02:12.150] [ERROR] Transactions2013.json - Line 82 has invalid date
[2019-06-26T12:02:12.152] [ERROR] Transactions2013.json - Line 83 has invalid date
[2019-06-26T12:02:12.154] [ERROR] Transactions2013.json - Line 84 has invalid date
[2019-06-26T12:02:12.155] [ERROR] Transactions2013.json - Line 85 has invalid date
[2019-06-26T12:02:12.157] [ERROR] Transactions2013.json - Line 86 has invalid date
[2019-06-26T12:02:12.158] [ERROR] Transactions2013.json - Line 87 has invalid date
[2019-06-26T12:02:12.159] [ERROR] Transactions2013.json - Line 88 has invalid date
[2019-06-26T12:02:12.161] [ERROR] Transactions2013.json - Line 89 has invalid date
[2019-06-26T12:02:12.163] [ERROR] Transactions2013.json - Line 90 has invalid date
[2019-06-26T12:02:12.164] [ERROR] Transactions2013.json - Line 91 has invalid date
[2019-06-26T12:02:12.166] [ERROR] Transactions2013.json - Line 92 has invalid date
[2019-06-26T12:02:12.167] [ERROR] Transactions2013.json - Line 93 has invalid date
[2019-06-26T12:02:12.168] [ERROR] Transactions2013.json - Line 94 has invalid date
[2019-06-26T12:02:12.169] [ERROR] Transactions2013.json - Line 95 has invalid date
[2019-06-26T12:02:12.171] [ERROR] Transactions2013.json - Line 96 has invalid date
[2019-06-26T12:02:12.172] [ERROR] Transactions2013.json - Line 97 has invalid date
[2019-06-26T12:02:12.175] [ERROR] Transactions2013.json - Line 98 has invalid date
[2019-06-26T12:02:12.177] [ERROR] Transactions2013.json - Line 99 has invalid date
[2019-06-26T12:02:12.179] [ERROR] Transactions2013.json - Line 100 has invalid date
[2019-06-26T12:02:12.181] [ERROR] Transactions2013.json - Line 101 has invalid date
[2019-06-26T12:02:12.183] [ERROR] Transactions2013.json - Line 102 has invalid date
[2019-06-26T12:02:12.185] [ERROR] Transactions2013.json - Line 103 has invalid date
[2019-06-26T12:02:12.186] [ERROR] Transactions2013.json - Line 104 has invalid date
[2019-06-26T12:02:12.188] [ERROR] Transactions2013.json - Line 105 has invalid date
[2019-06-26T12:02:12.190] [ERROR] Transactions2013.json - Line 106 has invalid date
[2019-06-26T12:02:12.191] [ERROR] Transactions2013.json - Line 107 has invalid date
[2019-06-26T12:02:12.193] [ERROR] Transactions2013.json - Line 108 has invalid date
[2019-06-26T12:02:12.194] [ERROR] Transactions2013.json - Line 109 has invalid date
[2019-06-26T12:02:12.196] [ERROR] Transactions2013.json - Line 110 has invalid date
[2019-06-26T12:02:12.199] [ERROR] Transactions2013.json - Line 111 has invalid date
[2019-06-26T12:02:12.200] [ERROR] Transactions2013.json - Line 112 has invalid date
[2019-06-26T12:02:12.202] [ERROR] Transactions2013.json - Line 113 has invalid date
[2019-06-26T12:02:12.203] [ERROR] Transactions2013.json - Line 114 has invalid date
[2019-06-26T12:02:12.205] [ERROR] Transactions2013.json - Line 115 has invalid date
[2019-06-26T12:02:12.208] [ERROR] Transactions2013.json - Line 116 has invalid date
[2019-06-26T12:02:12.210] [ERROR] Transactions2013.json - Line 117 has invalid date
[2019-06-26T12:02:12.212] [ERROR] Transactions2013.json - Line 118 has invalid date
[2019-06-26T12:02:12.214] [ERROR] Transactions2013.json - Line 119 has invalid date
[2019-06-26T12:02:12.215] [ERROR] Transactions2013.json - Line 120 has invalid date
[2019-06-26T12:02:12.217] [ERROR] Transactions2013.json - Line 121 has invalid date
[2019-06-26T12:02:12.219] [ERROR] Transactions2013.json - Line 122 has invalid date
[2019-06-26T12:02:12.221] [ERROR] Transactions2013.json - Line 123 has invalid date
[2019-06-26T12:02:12.223] [ERROR] Transactions2013.json - Line 124 has invalid date
[2019-06-26T12:02:12.226] [ERROR] Transactions2013.json - Line 125 has invalid date
[2019-06-26T12:02:12.228] [ERROR] Transactions2013.json - Line 126 has invalid date
[2019-06-26T12:02:12.229] [ERROR] Transactions2013.json - Line 127 has invalid date
[2019-06-26T12:02:12.231] [ERROR] Transactions2013.json - Line 128 has invalid date
[2019-06-26T12:02:12.232] [ERROR] Transactions2013.json - Line 129 has invalid date
[2019-06-26T12:02:12.234] [ERROR] Transactions2013.json - Line 130 has invalid date
[2019-06-26T12:02:12.235] [ERROR] Transactions2013.json - Line 131 has invalid date
[2019-06-26T12:02:12.237] [ERROR] Transactions2013.json - Line 132 has invalid date
[2019-06-26T12:02:12.238] [ERROR] Transactions2013.json - Line 133 has invalid date
[2019-06-26T12:02:12.240] [ERROR] Transactions2013.json - Line 134 has invalid date
[2019-06-26T12:02:12.243] [ERROR] Transactions2013.json - Line 135 has invalid date
[2019-06-26T12:02:12.244] [ERROR] Transactions2013.json - Line 136 has invalid date
[2019-06-26T12:02:12.246] [ERROR] Transactions2013.json - Line 137 has invalid date
[2019-06-26T12:02:12.247] [ERROR] Transactions2013.json - Line 138 has invalid date
[2019-06-26T12:02:12.249] [ERROR] Transactions2013.json - Line 139 has invalid date
[2019-06-26T12:02:12.250] [ERROR] Transactions2013.json - Line 140 has invalid date
[2019-06-26T12:02:12.251] [ERROR] Transactions2013.json - Line 141 has invalid date
[2019-06-26T12:02:12.253] [ERROR] Transactions2013.json - Line 142 has invalid date
[2019-06-26T12:02:12.255] [ERROR] Transactions2013.json - Line 143 has invalid date
[2019-06-26T12:02:12.256] [ERROR] Transactions2013.json - Line 144 has invalid date
[2019-06-26T12:02:12.258] [ERROR] Transactions2013.json - Line 145 has invalid date
[2019-06-26T12:02:31.336] [INFO] Transactions2014.csv - Starts reading from Transactions2014.csv
[2019-06-26T12:02:31.370] [INFO] DodgyTransactions2015.csv - Starts reading from DodgyTransactions2015.csv
[2019-06-26T12:02:31.374] [ERROR] DodgyTransactions2015.csv - Line 28 has invalid amount of money
[2019-06-26T12:02:31.387] [ERROR] DodgyTransactions2015.csv - Line 52 has invalid date
[2019-06-26T12:02:31.388] [INFO] Transactions2013.json - Starts reading from Transactions2013.json
[2019-06-26T12:02:31.393] [ERROR] Transactions2013.json - Line 2 has invalid date
[2019-06-26T12:02:31.395] [ERROR] Transactions2013.json - Line 3 has invalid date
[2019-06-26T12:02:31.397] [ERROR] Transactions2013.json - Line 4 has invalid date
[2019-06-26T12:02:31.399] [ERROR] Transactions2013.json - Line 5 has invalid date
[2019-06-26T12:02:31.401] [ERROR] Transactions2013.json - Line 6 has invalid date
[2019-06-26T12:02:31.404] [ERROR] Transactions2013.json - Line 7 has invalid date
[2019-06-26T12:02:31.406] [ERROR] Transactions2013.json - Line 8 has invalid date
[2019-06-26T12:02:31.409] [ERROR] Transactions2013.json - Line 9 has invalid date
[2019-06-26T12:02:31.412] [ERROR] Transactions2013.json - Line 10 has invalid date
[2019-06-26T12:02:31.414] [ERROR] Transactions2013.json - Line 11 has invalid date
[2019-06-26T12:02:31.417] [ERROR] Transactions2013.json - Line 12 has invalid date
[2019-06-26T12:02:31.419] [ERROR] Transactions2013.json - Line 13 has invalid date
[2019-06-26T12:02:31.421] [ERROR] Transactions2013.json - Line 14 has invalid date
[2019-06-26T12:02:31.423] [ERROR] Transactions2013.json - Line 15 has invalid date
[2019-06-26T12:02:31.426] [ERROR] Transactions2013.json - Line 16 has invalid date
[2019-06-26T12:02:31.429] [ERROR] Transactions2013.json - Line 17 has invalid date
[2019-06-26T12:02:31.431] [ERROR] Transactions2013.json - Line 18 has invalid date
[2019-06-26T12:02:31.434] [ERROR] Transactions2013.json - Line 19 has invalid date
[2019-06-26T12:02:31.436] [ERROR] Transactions2013.json - Line 20 has invalid date
[2019-06-26T12:02:31.440] [ERROR] Transactions2013.json - Line 21 has invalid date
[2019-06-26T12:02:31.444] [ERROR] Transactions2013.json - Line 22 has invalid date
[2019-06-26T12:02:31.446] [ERROR] Transactions2013.json - Line 23 has invalid date
[2019-06-26T12:02:31.449] [ERROR] Transactions2013.json - Line 24 has invalid date
[2019-06-26T12:02:31.450] [ERROR] Transactions2013.json - Line 25 has invalid date
[2019-06-26T12:02:31.452] [ERROR] Transactions2013.json - Line 26 has invalid date
[2019-06-26T12:02:31.454] [ERROR] Transactions2013.json - Line 27 has invalid date
[2019-06-26T12:02:31.456] [ERROR] Transactions2013.json - Line 28 has invalid date
[2019-06-26T12:02:31.459] [ERROR] Transactions2013.json - Line 29 has invalid date
[2019-06-26T12:02:31.462] [ERROR] Transactions2013.json - Line 30 has invalid date
[2019-06-26T12:02:31.464] [ERROR] Transactions2013.json - Line 31 has invalid date
[2019-06-26T12:02:31.466] [ERROR] Transactions2013.json - Line 32 has invalid date
[2019-06-26T12:02:31.469] [ERROR] Transactions2013.json - Line 33 has invalid date
[2019-06-26T12:02:31.472] [ERROR] Transactions2013.json - Line 34 has invalid date
[2019-06-26T12:02:31.475] [ERROR] Transactions2013.json - Line 35 has invalid date
[2019-06-26T12:02:31.478] [ERROR] Transactions2013.json - Line 36 has invalid date
[2019-06-26T12:02:31.480] [ERROR] Transactions2013.json - Line 37 has invalid date
[2019-06-26T12:02:31.482] [ERROR] Transactions2013.json - Line 38 has invalid date
[2019-06-26T12:02:31.484] [ERROR] Transactions2013.json - Line 39 has invalid date
[2019-06-26T12:02:31.485] [ERROR] Transactions2013.json - Line 40 has invalid date
[2019-06-26T12:02:31.489] [ERROR] Transactions2013.json - Line 41 has invalid date
[2019-06-26T12:02:31.491] [ERROR] Transactions2013.json - Line 42 has invalid date
[2019-06-26T12:02:31.494] [ERROR] Transactions2013.json - Line 43 has invalid date
[2019-06-26T12:02:31.496] [ERROR] Transactions2013.json - Line 44 has invalid date
[2019-06-26T12:02:31.499] [ERROR] Transactions2013.json - Line 45 has invalid date
[2019-06-26T12:02:31.501] [ERROR] Transactions2013.json - Line 46 has invalid date
[2019-06-26T12:02:31.504] [ERROR] Transactions2013.json - Line 47 has invalid date
[2019-06-26T12:02:31.506] [ERROR] Transactions2013.json - Line 48 has invalid date
[2019-06-26T12:02:31.509] [ERROR] Transactions2013.json - Line 49 has invalid date
[2019-06-26T12:02:31.510] [ERROR] Transactions2013.json - Line 50 has invalid date
[2019-06-26T12:02:31.514] [ERROR] Transactions2013.json - Line 51 has invalid date
[2019-06-26T12:02:31.516] [ERROR] Transactions2013.json - Line 52 has invalid date
[2019-06-26T12:02:31.520] [ERROR] Transactions2013.json - Line 53 has invalid date
[2019-06-26T12:02:31.523] [ERROR] Transactions2013.json - Line 54 has invalid date
[2019-06-26T12:02:31.525] [ERROR] Transactions2013.json - Line 55 has invalid date
[2019-06-26T12:02:31.528] [ERROR] Transactions2013.json - Line 56 has invalid date
[2019-06-26T12:02:31.530] [ERROR] Transactions2013.json - Line 57 has invalid date
[2019-06-26T12:02:31.533] [ERROR] Transactions2013.json - Line 58 has invalid date
[2019-06-26T12:02:31.536] [ERROR] Transactions2013.json - Line 59 has invalid date
[2019-06-26T12:02:31.538] [ERROR] Transactions2013.json - Line 60 has invalid date
[2019-06-26T12:02:31.540] [ERROR] Transactions2013.json - Line 61 has invalid date
[2019-06-26T12:02:31.544] [ERROR] Transactions2013.json - Line 62 has invalid date
[2019-06-26T12:02:31.546] [ERROR] Transactions2013.json - Line 63 has invalid date
[2019-06-26T12:02:31.549] [ERROR] Transactions2013.json - Line 64 has invalid date
[2019-06-26T12:02:31.551] [ERROR] Transactions2013.json - Line 65 has invalid date
[2019-06-26T12:02:31.553] [ERROR] Transactions2013.json - Line 66 has invalid date
[2019-06-26T12:02:31.555] [ERROR] Transactions2013.json - Line 67 has invalid date
[2019-06-26T12:02:31.556] [ERROR] Transactions2013.json - Line 68 has invalid date
[2019-06-26T12:02:31.559] [ERROR] Transactions2013.json - Line 69 has invalid date
[2019-06-26T12:02:31.561] [ERROR] Transactions2013.json - Line 70 has invalid date
[2019-06-26T12:02:31.564] [ERROR] Transactions2013.json - Line 71 has invalid date
[2019-06-26T12:02:31.565] [ERROR] Transactions2013.json - Line 72 has invalid date
[2019-06-26T12:02:31.568] [ERROR] Transactions2013.json - Line 73 has invalid date
[2019-06-26T12:02:31.570] [ERROR] Transactions2013.json - Line 74 has invalid date
[2019-06-26T12:02:31.572] [ERROR] Transactions2013.json - Line 75 has invalid date
[2019-06-26T12:02:31.574] [ERROR] Transactions2013.json - Line 76 has invalid date
[2019-06-26T12:02:31.576] [ERROR] Transactions2013.json - Line 77 has invalid date
[2019-06-26T12:02:31.579] [ERROR] Transactions2013.json - Line 78 has invalid date
[2019-06-26T12:02:31.580] [ERROR] Transactions2013.json - Line 79 has invalid date
[2019-06-26T12:02:31.583] [ERROR] Transactions2013.json - Line 80 has invalid date
[2019-06-26T12:02:31.585] [ERROR] Transactions2013.json - Line 81 has invalid date
[2019-06-26T12:02:31.588] [ERROR] Transactions2013.json - Line 82 has invalid date
[2019-06-26T12:02:31.590] [ERROR] Transactions2013.json - Line 83 has invalid date
[2019-06-26T12:02:31.591] [ERROR] Transactions2013.json - Line 84 has invalid date
[2019-06-26T12:02:31.593] [ERROR] Transactions2013.json - Line 85 has invalid date
[2019-06-26T12:02:31.595] [ERROR] Transactions2013.json - Line 86 has invalid date
[2019-06-26T12:02:31.602] [ERROR] Transactions2013.json - Line 87 has invalid date
[2019-06-26T12:02:31.604] [ERROR] Transactions2013.json - Line 88 has invalid date
[2019-06-26T12:02:31.606] [ERROR] Transactions2013.json - Line 89 has invalid date
[2019-06-26T12:02:31.608] [ERROR] Transactions2013.json - Line 90 has invalid date
[2019-06-26T12:02:31.612] [ERROR] Transactions2013.json - Line 91 has invalid date
[2019-06-26T12:02:31.614] [ERROR] Transactions2013.json - Line 92 has invalid date
[2019-06-26T12:02:31.615] [ERROR] Transactions2013.json - Line 93 has invalid date
[2019-06-26T12:02:31.618] [ERROR] Transactions2013.json - Line 94 has invalid date
[2019-06-26T12:02:31.620] [ERROR] Transactions2013.json - Line 95 has invalid date
[2019-06-26T12:02:31.622] [ERROR] Transactions2013.json - Line 96 has invalid date
[2019-06-26T12:02:31.623] [ERROR] Transactions2013.json - Line 97 has invalid date
[2019-06-26T12:02:31.625] [ERROR] Transactions2013.json - Line 98 has invalid date
[2019-06-26T12:02:31.627] [ERROR] Transactions2013.json - Line 99 has invalid date
[2019-06-26T12:02:31.632] [ERROR] Transactions2013.json - Line 100 has invalid date
[2019-06-26T12:02:31.634] [ERROR] Transactions2013.json - Line 101 has invalid date
[2019-06-26T12:02:31.636] [ERROR] Transactions2013.json - Line 102 has invalid date
[2019-06-26T12:02:31.639] [ERROR] Transactions2013.json - Line 103 has invalid date
[2019-06-26T12:02:31.641] [ERROR] Transactions2013.json - Line 104 has invalid date
[2019-06-26T12:02:31.643] [ERROR] Transactions2013.json - Line 105 has invalid date
[2019-06-26T12:02:31.645] [ERROR] Transactions2013.json - Line 106 has invalid date
[2019-06-26T12:02:31.646] [ERROR] Transactions2013.json - Line 107 has invalid date
[2019-06-26T12:02:31.649] [ERROR] Transactions2013.json - Line 108 has invalid date
[2019-06-26T12:02:31.651] [ERROR] Transactions2013.json - Line 109 has invalid date
[2019-06-26T12:02:31.653] [ERROR] Transactions2013.json - Line 110 has invalid date
[2019-06-26T12:02:31.655] [ERROR] Transactions2013.json - Line 111 has invalid date
[2019-06-26T12:02:31.657] [ERROR] Transactions2013.json - Line 112 has invalid date
[2019-06-26T12:02:31.660] [ERROR] Transactions2013.json - Line 113 has invalid date
[2019-06-26T12:02:31.665] [ERROR] Transactions2013.json - Line 114 has invalid date
[2019-06-26T12:02:31.666] [ERROR] Transactions2013.json - Line 115 has invalid date
[2019-06-26T12:02:31.670] [ERROR] Transactions2013.json - Line 116 has invalid date
[2019-06-26T12:02:31.671] [ERROR] Transactions2013.json - Line 117 has invalid date
[2019-06-26T12:02:31.673] [ERROR] Transactions2013.json - Line 118 has invalid date
[2019-06-26T12:02:31.675] [ERROR] Transactions2013.json - Line 119 has invalid date
[2019-06-26T12:02:31.677] [ERROR] Transactions2013.json - Line 120 has invalid date
[2019-06-26T12:02:31.680] [ERROR] Transactions2013.json - Line 121 has invalid date
[2019-06-26T12:02:31.682] [ERROR] Transactions2013.json - Line 122 has invalid date
[2019-06-26T12:02:31.684] [ERROR] Transactions2013.json - Line 123 has invalid date
[2019-06-26T12:02:31.686] [ERROR] Transactions2013.json - Line 124 has invalid date
[2019-06-26T12:02:31.689] [ERROR] Transactions2013.json - Line 125 has invalid date
[2019-06-26T12:02:31.695] [ERROR] Transactions2013.json - Line 126 has invalid date
[2019-06-26T12:02:31.697] [ERROR] Transactions2013.json - Line 127 has invalid date
[2019-06-26T12:02:31.700] [ERROR] Transactions2013.json - Line 128 has invalid date
[2019-06-26T12:02:31.701] [ERROR] Transactions2013.json - Line 129 has invalid date
[2019-06-26T12:02:31.703] [ERROR] Transactions2013.json - Line 130 has invalid date
[2019-06-26T12:02:31.705] [ERROR] Transactions2013.json - Line 131 has invalid date
[2019-06-26T12:02:31.708] [ERROR] Transactions2013.json - Line 132 has invalid date
[2019-06-26T12:02:31.710] [ERROR] Transactions2013.json - Line 133 has invalid date
[2019-06-26T12:02:31.712] [ERROR] Transactions2013.json - Line 134 has invalid date
[2019-06-26T12:02:31.713] [ERROR] Transactions2013.json - Line 135 has invalid date
[2019-06-26T12:02:31.715] [ERROR] Transactions2013.json - Line 136 has invalid date
[2019-06-26T12:02:31.716] [ERROR] Transactions2013.json - Line 137 has invalid date
[2019-06-26T12:02:31.720] [ERROR] Transactions2013.json - Line 138 has invalid date
[2019-06-26T12:02:31.726] [ERROR] Transactions2013.json - Line 139 has invalid date
[2019-06-26T12:02:31.730] [ERROR] Transactions2013.json - Line 140 has invalid date
[2019-06-26T12:02:31.734] [ERROR] Transactions2013.json - Line 141 has invalid date
[2019-06-26T12:02:31.735] [ERROR] Transactions2013.json - Line 142 has invalid date
[2019-06-26T12:02:31.737] [ERROR] Transactions2013.json - Line 143 has invalid date
[2019-06-26T12:02:31.739] [ERROR] Transactions2013.json - Line 144 has invalid date
[2019-06-26T12:02:31.742] [ERROR] Transactions2013.json - Line 145 has invalid date
[2019-06-26T12:03:19.037] [INFO] Transactions2014.csv - Starts reading from Transactions2014.csv
[2019-06-26T12:03:19.057] [INFO] DodgyTransactions2015.csv - Starts reading from DodgyTransactions2015.csv
[2019-06-26T12:03:19.061] [ERROR] DodgyTransactions2015.csv - Line 28 has invalid amount of money
[2019-06-26T12:03:19.070] [ERROR] DodgyTransactions2015.csv - Line 52 has invalid date
[2019-06-26T12:03:19.071] [INFO] Transactions2013.json - Starts reading from Transactions2013.json
[2019-06-26T12:03:44.239] [INFO] Transactions2014.csv - Starts reading from Transactions2014.csv
[2019-06-26T12:03:44.261] [INFO] DodgyTransactions2015.csv - Starts reading from DodgyTransactions2015.csv
[2019-06-26T12:03:44.264] [ERROR] DodgyTransactions2015.csv - Line 28 has invalid amount of money
[2019-06-26T12:03:44.273] [ERROR] DodgyTransactions2015.csv - Line 52 has invalid date
[2019-06-26T12:03:44.274] [INFO] Transactions2013.json - Starts reading from Transactions2013.json
[2019-06-26T12:05:18.521] [INFO] Transactions2014.csv - Starts reading from Transactions2014.csv
[2019-06-26T12:05:18.543] [INFO] DodgyTransactions2015.csv - Starts reading from DodgyTransactions2015.csv
[2019-06-26T12:05:18.549] [ERROR] DodgyTransactions2015.csv - Line 28 has invalid amount of money
[2019-06-26T12:05:18.560] [ERROR] DodgyTransactions2015.csv - Line 52 has invalid date
[2019-06-26T12:05:18.562] [INFO] Transactions2013.json - Starts reading from Transactions2013.json
[2019-06-26T12:06:20.155] [INFO] Transactions2014.csv - Starts reading from Transactions2014.csv
[2019-06-26T12:06:20.175] [INFO] DodgyTransactions2015.csv - Starts reading from DodgyTransactions2015.csv
[2019-06-26T12:06:20.178] [ERROR] DodgyTransactions2015.csv - Line 28 has invalid amount of money
[2019-06-26T12:06:20.187] [ERROR] DodgyTransactions2015.csv - Line 52 has invalid date
[2019-06-26T12:06:20.188] [INFO] Transactions2013.json - Starts reading from Transactions2013.json
